2022-03-13 15:34:01 [background-preinit] INFO  o.h.v.i.u.Version                                  - HV000001: Hibernate Validator 6.2.0.Final 
2022-03-13 15:34:01 [restartedMain] INFO  c.v.HelloWorldApplication                          - Starting HelloWorldApplication using Java 11.0.12 on DESKTOP-G5UEPG8 with PID 4584 (D:\VTIAcademy\Java Nâng Cao\2. Slide\Lesson 10_Resource\3. Log4j\2. Example 2\HelloWorld\target\classes started by quynq in D:\VTIAcademy\Java Nâng Cao\2. Slide\Lesson 10_Resource\3. Log4j\2. Example 2\HelloWorld) 
2022-03-13 15:34:01 [restartedMain] INFO  c.v.HelloWorldApplication                          - No active profile set, falling back to default profiles: default 
2022-03-13 15:34:01 [restartedMain] INFO  o.s.b.d.e.DevToolsPropertyDefaultsPostProcessor    - Devtools property defaults active! Set 'spring.devtools.add-properties' to 'false' to disable 
2022-03-13 15:34:01 [restartedMain] INFO  o.s.b.d.e.DevToolsPropertyDefaultsPostProcessor    - For additional web related logging consider setting the 'logging.level.web' property to 'DEBUG' 
2022-03-13 15:34:03 [restartedMain] INFO  o.s.d.r.c.RepositoryConfigurationDelegate          - Bootstrapping Spring Data JPA repositories in DEFAULT mode. 
2022-03-13 15:34:03 [restartedMain] INFO  o.s.d.r.c.RepositoryConfigurationDelegate          - Finished Spring Data repository scanning in 95 ms. Found 2 JPA repository interfaces. 
2022-03-13 15:34:04 [restartedMain] INFO  o.s.b.w.e.t.TomcatWebServer                        - Tomcat initialized with port(s): 8080 (http) 
2022-03-13 15:34:04 [restartedMain] INFO  o.a.c.h.Http11NioProtocol                          - Initializing ProtocolHandler ["http-nio-8080"] 
2022-03-13 15:34:04 [restartedMain] INFO  o.a.c.c.StandardService                            - Starting service [Tomcat] 
2022-03-13 15:34:04 [restartedMain] INFO  o.a.c.c.StandardEngine                             - Starting Servlet engine: [Apache Tomcat/9.0.55] 
2022-03-13 15:34:04 [restartedMain] WARN  o.a.c.c.AprLifecycleListener                       - This listener must only be nested within Server elements, but is in [TomcatEmbeddedContext]. 
2022-03-13 15:34:04 [restartedMain] INFO  o.a.c.c.AprLifecycleListener                       - An older version [1.2.23] of the Apache Tomcat Native library is installed, while Tomcat recommends a minimum version of [1.2.30] 
2022-03-13 15:34:04 [restartedMain] INFO  o.a.c.c.AprLifecycleListener                       - Loaded Apache Tomcat Native library [1.2.23] using APR version [1.7.0]. 
2022-03-13 15:34:04 [restartedMain] INFO  o.a.c.c.AprLifecycleListener                       - APR capabilities: IPv6 [true], sendfile [true], accept filters [false], random [true], UDS [false]. 
2022-03-13 15:34:04 [restartedMain] INFO  o.a.c.c.AprLifecycleListener                       - APR/OpenSSL configuration: useAprConnector [false], useOpenSSL [true] 
2022-03-13 15:34:04 [restartedMain] INFO  o.a.c.c.AprLifecycleListener                       - OpenSSL successfully initialized [OpenSSL 1.1.1c  28 May 2019] 
2022-03-13 15:34:04 [restartedMain] INFO  o.a.c.c.C.[.[.[/]                                  - Initializing Spring embedded WebApplicationContext 
2022-03-13 15:34:04 [restartedMain] INFO  o.s.b.w.s.c.ServletWebServerApplicationContext     - Root WebApplicationContext: initialization completed in 2834 ms 
2022-03-13 15:34:04 [restartedMain] INFO  c.z.h.HikariDataSource                             - HikariPool-1 - Starting... 
2022-03-13 15:34:05 [restartedMain] INFO  c.z.h.HikariDataSource                             - HikariPool-1 - Start completed. 
2022-03-13 15:34:05 [restartedMain] INFO  o.h.j.i.u.LogHelper                                - HHH000204: Processing PersistenceUnitInfo [name: default] 
2022-03-13 15:34:05 [restartedMain] INFO  o.h.Version                                        - HHH000412: Hibernate ORM core version 5.6.1.Final 
2022-03-13 15:34:06 [restartedMain] INFO  o.h.a.c.Version                                    - HCANN000001: Hibernate Commons Annotations {5.1.2.Final} 
2022-03-13 15:34:06 [restartedMain] INFO  o.h.d.Dialect                                      - HHH000400: Using dialect: org.hibernate.dialect.MySQL8Dialect 
2022-03-13 15:34:07 [restartedMain] INFO  o.h.e.t.j.p.i.JtaPlatformInitiator                 - HHH000490: Using JtaPlatform implementation: [org.hibernate.engine.transaction.jta.platform.internal.NoJtaPlatform] 
2022-03-13 15:34:07 [restartedMain] INFO  o.s.o.j.LocalContainerEntityManagerFactoryBean     - Initialized JPA EntityManagerFactory for persistence unit 'default' 
2022-03-13 15:34:07 [restartedMain] WARN  o.s.b.a.o.j.JpaBaseConfiguration$JpaWebConfiguration - spring.jpa.open-in-view is enabled by default. Therefore, database queries may be performed during view rendering. Explicitly configure spring.jpa.open-in-view to disable this warning 
2022-03-13 15:34:08 [restartedMain] INFO  o.s.s.w.DefaultSecurityFilterChain                 - Will secure any request with [org.springframework.security.web.context.request.async.WebAsyncManagerIntegrationFilter@28357df6, org.springframework.security.web.context.SecurityContextPersistenceFilter@1ff98c95, org.springframework.security.web.header.HeaderWriterFilter@987a44, org.springframework.web.filter.CorsFilter@afd36ba, org.springframework.security.web.authentication.logout.LogoutFilter@143d31cc, org.springframework.security.web.authentication.www.BasicAuthenticationFilter@6058181c, org.springframework.security.web.savedrequest.RequestCacheAwareFilter@7d2097dc, org.springframework.security.web.servletapi.SecurityContextHolderAwareRequestFilter@793e0562, org.springframework.security.web.authentication.AnonymousAuthenticationFilter@2f2f1309, org.springframework.security.web.session.SessionManagementFilter@1e5f205e, org.springframework.security.web.access.ExceptionTranslationFilter@314a8656, org.springframework.security.web.access.intercept.FilterSecurityInterceptor@165a4d8b] 
2022-03-13 15:34:09 [restartedMain] INFO  o.s.b.d.a.OptionalLiveReloadServer                 - LiveReload server is running on port 35729 
2022-03-13 15:34:09 [restartedMain] INFO  o.a.c.h.Http11NioProtocol                          - Starting ProtocolHandler ["http-nio-8080"] 
2022-03-13 15:34:09 [restartedMain] INFO  o.s.b.w.e.t.TomcatWebServer                        - Tomcat started on port(s): 8080 (http) with context path '' 
2022-03-13 15:34:09 [restartedMain] INFO  c.v.HelloWorldApplication                          - Started HelloWorldApplication in 8.803 seconds (JVM running for 10.796) 
2022-03-13 15:34:17 [http-nio-8080-exec-1] INFO  o.a.c.c.C.[.[.[/]                                  - Initializing Spring DispatcherServlet 'dispatcherServlet' 
2022-03-13 15:34:17 [http-nio-8080-exec-1] INFO  o.s.w.s.DispatcherServlet                          - Initializing Servlet 'dispatcherServlet' 
2022-03-13 15:34:17 [http-nio-8080-exec-1] INFO  o.s.w.s.DispatcherServlet                          - Completed initialization in 3 ms 
2022-03-13 15:34:17 [http-nio-8080-exec-1] INFO  c.v.c.LogController                                - info ... 
2022-03-13 15:34:17 [http-nio-8080-exec-1] WARN  c.v.c.LogController                                - warning ... 
2022-03-13 15:34:17 [http-nio-8080-exec-1] ERROR c.v.c.LogController                                - error... 
2022-03-13 15:36:49 [Thread-4] INFO  o.s.o.j.LocalContainerEntityManagerFactoryBean     - Closing JPA EntityManagerFactory for persistence unit 'default' 
2022-03-13 15:36:49 [Thread-4] INFO  c.z.h.HikariDataSource                             - HikariPool-1 - Shutdown initiated... 
2022-03-13 15:36:49 [Thread-4] INFO  c.z.h.HikariDataSource                             - HikariPool-1 - Shutdown completed. 
2022-03-13 15:36:49 [restartedMain] INFO  c.v.HelloWorldApplication                          - Starting HelloWorldApplication using Java 11.0.12 on DESKTOP-G5UEPG8 with PID 4584 (D:\VTIAcademy\Java Nâng Cao\2. Slide\Lesson 10_Resource\3. Log4j\2. Example 2\HelloWorld\target\classes started by quynq in D:\VTIAcademy\Java Nâng Cao\2. Slide\Lesson 10_Resource\3. Log4j\2. Example 2\HelloWorld) 
2022-03-13 15:36:49 [restartedMain] INFO  c.v.HelloWorldApplication                          - No active profile set, falling back to default profiles: default 
2022-03-13 15:36:50 [restartedMain] INFO  o.s.d.r.c.RepositoryConfigurationDelegate          - Bootstrapping Spring Data JPA repositories in DEFAULT mode. 
2022-03-13 15:36:50 [restartedMain] INFO  o.s.d.r.c.RepositoryConfigurationDelegate          - Finished Spring Data repository scanning in 21 ms. Found 2 JPA repository interfaces. 
2022-03-13 15:36:50 [restartedMain] INFO  o.s.b.w.e.t.TomcatWebServer                        - Tomcat initialized with port(s): 8080 (http) 
2022-03-13 15:36:50 [restartedMain] INFO  o.a.c.h.Http11NioProtocol                          - Initializing ProtocolHandler ["http-nio-8080"] 
2022-03-13 15:36:50 [restartedMain] INFO  o.a.c.c.StandardService                            - Starting service [Tomcat] 
2022-03-13 15:36:50 [restartedMain] INFO  o.a.c.c.StandardEngine                             - Starting Servlet engine: [Apache Tomcat/9.0.55] 
2022-03-13 15:36:50 [restartedMain] WARN  o.a.c.c.AprLifecycleListener                       - This listener must only be nested within Server elements, but is in [TomcatEmbeddedContext]. 
2022-03-13 15:36:50 [restartedMain] INFO  o.a.c.c.AprLifecycleListener                       - An older version [1.2.23] of the Apache Tomcat Native library is installed, while Tomcat recommends a minimum version of [1.2.30] 
2022-03-13 15:36:50 [restartedMain] INFO  o.a.c.c.AprLifecycleListener                       - Loaded Apache Tomcat Native library [1.2.23] using APR version [1.7.0]. 
2022-03-13 15:36:50 [restartedMain] INFO  o.a.c.c.AprLifecycleListener                       - APR capabilities: IPv6 [true], sendfile [true], accept filters [false], random [true], UDS [false]. 
2022-03-13 15:36:50 [restartedMain] INFO  o.a.c.c.AprLifecycleListener                       - APR/OpenSSL configuration: useAprConnector [false], useOpenSSL [true] 
2022-03-13 15:36:50 [restartedMain] INFO  o.a.c.c.AprLifecycleListener                       - OpenSSL successfully initialized [OpenSSL 1.1.1c  28 May 2019] 
2022-03-13 15:36:50 [restartedMain] INFO  o.a.c.c.C.[.[.[/]                                  - Initializing Spring embedded WebApplicationContext 
2022-03-13 15:36:50 [restartedMain] INFO  o.s.b.w.s.c.ServletWebServerApplicationContext     - Root WebApplicationContext: initialization completed in 849 ms 
2022-03-13 15:36:50 [restartedMain] INFO  c.z.h.HikariDataSource                             - HikariPool-2 - Starting... 
2022-03-13 15:36:50 [restartedMain] INFO  c.z.h.HikariDataSource                             - HikariPool-2 - Start completed. 
2022-03-13 15:36:50 [restartedMain] INFO  o.h.j.i.u.LogHelper                                - HHH000204: Processing PersistenceUnitInfo [name: default] 
2022-03-13 15:36:50 [restartedMain] INFO  o.h.d.Dialect                                      - HHH000400: Using dialect: org.hibernate.dialect.MySQL8Dialect 
2022-03-13 15:36:50 [restartedMain] INFO  o.h.e.t.j.p.i.JtaPlatformInitiator                 - HHH000490: Using JtaPlatform implementation: [org.hibernate.engine.transaction.jta.platform.internal.NoJtaPlatform] 
2022-03-13 15:36:50 [restartedMain] INFO  o.s.o.j.LocalContainerEntityManagerFactoryBean     - Initialized JPA EntityManagerFactory for persistence unit 'default' 
2022-03-13 15:36:50 [restartedMain] WARN  o.s.b.a.o.j.JpaBaseConfiguration$JpaWebConfiguration - spring.jpa.open-in-view is enabled by default. Therefore, database queries may be performed during view rendering. Explicitly configure spring.jpa.open-in-view to disable this warning 
2022-03-13 15:36:51 [restartedMain] INFO  o.s.s.w.DefaultSecurityFilterChain                 - Will secure any request with [org.springframework.security.web.context.request.async.WebAsyncManagerIntegrationFilter@649ae60b, org.springframework.security.web.context.SecurityContextPersistenceFilter@218ebf9d, org.springframework.security.web.header.HeaderWriterFilter@2310b134, org.springframework.web.filter.CorsFilter@32b99449, org.springframework.security.web.authentication.logout.LogoutFilter@74535cee, org.springframework.security.web.authentication.www.BasicAuthenticationFilter@106b71b8, org.springframework.security.web.savedrequest.RequestCacheAwareFilter@7b8c4cbe, org.springframework.security.web.servletapi.SecurityContextHolderAwareRequestFilter@5d33dbea, org.springframework.security.web.authentication.AnonymousAuthenticationFilter@61fc2612, org.springframework.security.web.session.SessionManagementFilter@3d081660, org.springframework.security.web.access.ExceptionTranslationFilter@74e5d7ad, org.springframework.security.web.access.intercept.FilterSecurityInterceptor@490342be] 
2022-03-13 15:36:51 [restartedMain] INFO  o.s.b.d.a.OptionalLiveReloadServer                 - LiveReload server is running on port 35729 
2022-03-13 15:36:51 [restartedMain] INFO  o.a.c.h.Http11NioProtocol                          - Starting ProtocolHandler ["http-nio-8080"] 
2022-03-13 15:36:51 [restartedMain] INFO  o.s.b.w.e.t.TomcatWebServer                        - Tomcat started on port(s): 8080 (http) with context path '' 
2022-03-13 15:36:51 [restartedMain] INFO  c.v.HelloWorldApplication                          - Started HelloWorldApplication in 2.001 seconds (JVM running for 172.701) 
2022-03-13 15:36:51 [restartedMain] INFO  o.s.b.d.a.ConditionEvaluationDeltaLoggingListener  - Condition evaluation unchanged 
2022-03-13 15:37:27 [http-nio-8080-exec-2] INFO  o.a.c.c.C.[.[.[/]                                  - Initializing Spring DispatcherServlet 'dispatcherServlet' 
2022-03-13 15:37:27 [http-nio-8080-exec-2] INFO  o.s.w.s.DispatcherServlet                          - Initializing Servlet 'dispatcherServlet' 
2022-03-13 15:37:27 [http-nio-8080-exec-2] INFO  o.s.w.s.DispatcherServlet                          - Completed initialization in 8 ms 
2022-03-13 15:37:27 [http-nio-8080-exec-2] DEBUG o.h.SQL                                            - 
    select
        account0_.id as id1_0_,
        account0_.department_id as departme7_0_,
        account0_.first_name as first_na2_0_,
        account0_.last_name as last_nam3_0_,
        account0_.password as password4_0_,
        account0_.`Role` as role5_0_,
        account0_.username as username6_0_,
        concat(account0_.first_name,
        ' ',
        account0_.last_name)  as formula2_ 
    from
        `Account` account0_ 
    where
        account0_.username=? 
2022-03-13 15:37:27 [http-nio-8080-exec-2] TRACE o.h.t.d.s.BasicBinder                              - binding parameter [1] as [VARCHAR] - [dangblack] 
2022-03-13 15:37:27 [http-nio-8080-exec-2] DEBUG o.h.SQL                                            - 
    select
        department0_.id as id1_1_0_,
        department0_.created_date as created_2_1_0_,
        department0_.`name` as name3_1_0_,
        department0_.total_member as total_me4_1_0_,
        department0_.`type` as type5_1_0_ 
    from
        Department department0_ 
    where
        department0_.id=? 
2022-03-13 15:37:27 [http-nio-8080-exec-2] TRACE o.h.t.d.s.BasicBinder                              - binding parameter [1] as [INTEGER] - [5] 
2022-03-13 15:37:28 [http-nio-8080-exec-2] WARN  o.a.c.u.SessionIdGeneratorBase                     - Creation of SecureRandom instance for session ID generation using [SHA1PRNG] took [279] milliseconds. 
2022-03-13 15:37:28 [http-nio-8080-exec-2] ERROR c.v.c.e.AuthExceptionHandler                       - Full authentication is required to access this resource 
org.springframework.security.authentication.InsufficientAuthenticationException: Full authentication is required to access this resource
	at org.springframework.security.web.access.ExceptionTranslationFilter.handleAccessDeniedException(ExceptionTranslationFilter.java:195) [spring-security-web-5.6.0.jar:5.6.0]
	at org.springframework.security.web.access.ExceptionTranslationFilter.handleSpringSecurityException(ExceptionTranslationFilter.java:174) [spring-security-web-5.6.0.jar:5.6.0]
	at org.springframework.security.web.access.ExceptionTranslationFilter.doFilter(ExceptionTranslationFilter.java:143) [spring-security-web-5.6.0.jar:5.6.0]
	at org.springframework.security.web.access.ExceptionTranslationFilter.doFilter(ExceptionTranslationFilter.java:116) [spring-security-web-5.6.0.jar:5.6.0]
	at org.springframework.security.web.FilterChainProxy$VirtualFilterChain.doFilter(FilterChainProxy.java:336) [spring-security-web-5.6.0.jar:5.6.0]
	at org.springframework.security.web.session.SessionManagementFilter.doFilter(SessionManagementFilter.java:126) [spring-security-web-5.6.0.jar:5.6.0]
	at org.springframework.security.web.session.SessionManagementFilter.doFilter(SessionManagementFilter.java:81) [spring-security-web-5.6.0.jar:5.6.0]
	at org.springframework.security.web.FilterChainProxy$VirtualFilterChain.doFilter(FilterChainProxy.java:336) [spring-security-web-5.6.0.jar:5.6.0]
	at org.springframework.security.web.authentication.AnonymousAuthenticationFilter.doFilter(AnonymousAuthenticationFilter.java:109) [spring-security-web-5.6.0.jar:5.6.0]
	at org.springframework.security.web.FilterChainProxy$VirtualFilterChain.doFilter(FilterChainProxy.java:336) [spring-security-web-5.6.0.jar:5.6.0]
	at org.springframework.security.web.servletapi.SecurityContextHolderAwareRequestFilter.doFilter(SecurityContextHolderAwareRequestFilter.java:149) [spring-security-web-5.6.0.jar:5.6.0]
	at org.springframework.security.web.FilterChainProxy$VirtualFilterChain.doFilter(FilterChainProxy.java:336) [spring-security-web-5.6.0.jar:5.6.0]
	at org.springframework.security.web.savedrequest.RequestCacheAwareFilter.doFilter(RequestCacheAwareFilter.java:63) [spring-security-web-5.6.0.jar:5.6.0]
	at org.springframework.security.web.FilterChainProxy$VirtualFilterChain.doFilter(FilterChainProxy.java:336) [spring-security-web-5.6.0.jar:5.6.0]
	at org.springframework.web.filter.OncePerRequestFilter.doFilter(OncePerRequestFilter.java:103) [spring-web-5.3.13.jar:5.3.13]
	at org.springframework.security.web.FilterChainProxy$VirtualFilterChain.doFilter(FilterChainProxy.java:336) [spring-security-web-5.6.0.jar:5.6.0]
	at org.springframework.security.web.authentication.logout.LogoutFilter.doFilter(LogoutFilter.java:103) [spring-security-web-5.6.0.jar:5.6.0]
	at org.springframework.security.web.authentication.logout.LogoutFilter.doFilter(LogoutFilter.java:89) [spring-security-web-5.6.0.jar:5.6.0]
	at org.springframework.security.web.FilterChainProxy$VirtualFilterChain.doFilter(FilterChainProxy.java:336) [spring-security-web-5.6.0.jar:5.6.0]
	at org.springframework.web.filter.OncePerRequestFilter.doFilter(OncePerRequestFilter.java:103) [spring-web-5.3.13.jar:5.3.13]
	at org.springframework.security.web.FilterChainProxy$VirtualFilterChain.doFilter(FilterChainProxy.java:336) [spring-security-web-5.6.0.jar:5.6.0]
	at org.springframework.web.filter.OncePerRequestFilter.doFilter(OncePerRequestFilter.java:103) [spring-web-5.3.13.jar:5.3.13]
	at org.springframework.security.web.FilterChainProxy$VirtualFilterChain.doFilter(FilterChainProxy.java:336) [spring-security-web-5.6.0.jar:5.6.0]
	at org.springframework.security.web.context.SecurityContextPersistenceFilter.doFilter(SecurityContextPersistenceFilter.java:110) [spring-security-web-5.6.0.jar:5.6.0]
	at org.springframework.security.web.context.SecurityContextPersistenceFilter.doFilter(SecurityContextPersistenceFilter.java:80) [spring-security-web-5.6.0.jar:5.6.0]
	at org.springframework.security.web.FilterChainProxy$VirtualFilterChain.doFilter(FilterChainProxy.java:336) [spring-security-web-5.6.0.jar:5.6.0]
	at org.springframework.web.filter.OncePerRequestFilter.doFilter(OncePerRequestFilter.java:103) [spring-web-5.3.13.jar:5.3.13]
	at org.springframework.security.web.FilterChainProxy$VirtualFilterChain.doFilter(FilterChainProxy.java:336) [spring-security-web-5.6.0.jar:5.6.0]
	at org.springframework.security.web.FilterChainProxy.doFilterInternal(FilterChainProxy.java:211) [spring-security-web-5.6.0.jar:5.6.0]
	at org.springframework.security.web.FilterChainProxy.doFilter(FilterChainProxy.java:183) [spring-security-web-5.6.0.jar:5.6.0]
	at org.springframework.web.filter.DelegatingFilterProxy.invokeDelegate(DelegatingFilterProxy.java:358) [spring-web-5.3.13.jar:5.3.13]
	at org.springframework.web.filter.DelegatingFilterProxy.doFilter(DelegatingFilterProxy.java:271) [spring-web-5.3.13.jar:5.3.13]
	at org.apache.catalina.core.ApplicationFilterChain.internalDoFilter(ApplicationFilterChain.java:189) [tomcat-embed-core-9.0.55.jar:9.0.55]
	at org.apache.catalina.core.ApplicationFilterChain.doFilter(ApplicationFilterChain.java:162) [tomcat-embed-core-9.0.55.jar:9.0.55]
	at org.springframework.web.filter.RequestContextFilter.doFilterInternal(RequestContextFilter.java:100) [spring-web-5.3.13.jar:5.3.13]
	at org.springframework.web.filter.OncePerRequestFilter.doFilter(OncePerRequestFilter.java:119) [spring-web-5.3.13.jar:5.3.13]
	at org.apache.catalina.core.ApplicationFilterChain.internalDoFilter(ApplicationFilterChain.java:189) [tomcat-embed-core-9.0.55.jar:9.0.55]
	at org.apache.catalina.core.ApplicationFilterChain.doFilter(ApplicationFilterChain.java:162) [tomcat-embed-core-9.0.55.jar:9.0.55]
	at org.springframework.web.filter.OncePerRequestFilter.doFilter(OncePerRequestFilter.java:103) [spring-web-5.3.13.jar:5.3.13]
	at org.apache.catalina.core.ApplicationFilterChain.internalDoFilter(ApplicationFilterChain.java:189) [tomcat-embed-core-9.0.55.jar:9.0.55]
	at org.apache.catalina.core.ApplicationFilterChain.doFilter(ApplicationFilterChain.java:162) [tomcat-embed-core-9.0.55.jar:9.0.55]
	at org.springframework.web.filter.OncePerRequestFilter.doFilter(OncePerRequestFilter.java:103) [spring-web-5.3.13.jar:5.3.13]
	at org.apache.catalina.core.ApplicationFilterChain.internalDoFilter(ApplicationFilterChain.java:189) [tomcat-embed-core-9.0.55.jar:9.0.55]
	at org.apache.catalina.core.ApplicationFilterChain.doFilter(ApplicationFilterChain.java:162) [tomcat-embed-core-9.0.55.jar:9.0.55]
	at org.apache.catalina.core.ApplicationDispatcher.invoke(ApplicationDispatcher.java:711) [tomcat-embed-core-9.0.55.jar:9.0.55]
	at org.apache.catalina.core.ApplicationDispatcher.processRequest(ApplicationDispatcher.java:461) [tomcat-embed-core-9.0.55.jar:9.0.55]
	at org.apache.catalina.core.ApplicationDispatcher.doForward(ApplicationDispatcher.java:385) [tomcat-embed-core-9.0.55.jar:9.0.55]
	at org.apache.catalina.core.ApplicationDispatcher.forward(ApplicationDispatcher.java:313) [tomcat-embed-core-9.0.55.jar:9.0.55]
	at org.apache.catalina.core.StandardHostValve.custom(StandardHostValve.java:403) [tomcat-embed-core-9.0.55.jar:9.0.55]
	at org.apache.catalina.core.StandardHostValve.status(StandardHostValve.java:249) [tomcat-embed-core-9.0.55.jar:9.0.55]
	at org.apache.catalina.core.StandardHostValve.invoke(StandardHostValve.java:171) [tomcat-embed-core-9.0.55.jar:9.0.55]
	at org.apache.catalina.valves.ErrorReportValve.invoke(ErrorReportValve.java:92) [tomcat-embed-core-9.0.55.jar:9.0.55]
	at org.apache.catalina.core.StandardEngineValve.invoke(StandardEngineValve.java:78) [tomcat-embed-core-9.0.55.jar:9.0.55]
	at org.apache.catalina.connector.CoyoteAdapter.service(CoyoteAdapter.java:357) [tomcat-embed-core-9.0.55.jar:9.0.55]
	at org.apache.coyote.http11.Http11Processor.service(Http11Processor.java:382) [tomcat-embed-core-9.0.55.jar:9.0.55]
	at org.apache.coyote.AbstractProcessorLight.process(AbstractProcessorLight.java:65) [tomcat-embed-core-9.0.55.jar:9.0.55]
	at org.apache.coyote.AbstractProtocol$ConnectionHandler.process(AbstractProtocol.java:895) [tomcat-embed-core-9.0.55.jar:9.0.55]
	at org.apache.tomcat.util.net.NioEndpoint$SocketProcessor.doRun(NioEndpoint.java:1722) [tomcat-embed-core-9.0.55.jar:9.0.55]
	at org.apache.tomcat.util.net.SocketProcessorBase.run(SocketProcessorBase.java:49) [tomcat-embed-core-9.0.55.jar:9.0.55]
	at org.apache.tomcat.util.threads.ThreadPoolExecutor.runWorker(ThreadPoolExecutor.java:1191) [tomcat-embed-core-9.0.55.jar:9.0.55]
	at org.apache.tomcat.util.threads.ThreadPoolExecutor$Worker.run(ThreadPoolExecutor.java:659) [tomcat-embed-core-9.0.55.jar:9.0.55]
	at org.apache.tomcat.util.threads.TaskThread$WrappingRunnable.run(TaskThread.java:61) [tomcat-embed-core-9.0.55.jar:9.0.55]
	at java.lang.Thread.run(Thread.java:834) [?:?]
2022-03-13 15:39:34 [http-nio-8080-exec-5] DEBUG o.h.SQL                                            - 
    select
        account0_.id as id1_0_,
        account0_.department_id as departme7_0_,
        account0_.first_name as first_na2_0_,
        account0_.last_name as last_nam3_0_,
        account0_.password as password4_0_,
        account0_.`Role` as role5_0_,
        account0_.username as username6_0_,
        concat(account0_.first_name,
        ' ',
        account0_.last_name)  as formula2_ 
    from
        `Account` account0_ 
    where
        account0_.username=? 
2022-03-13 15:39:34 [http-nio-8080-exec-5] TRACE o.h.t.d.s.BasicBinder                              - binding parameter [1] as [VARCHAR] - [dangblack] 
2022-03-13 15:39:34 [http-nio-8080-exec-5] DEBUG o.h.SQL                                            - 
    select
        department0_.id as id1_1_0_,
        department0_.created_date as created_2_1_0_,
        department0_.`name` as name3_1_0_,
        department0_.total_member as total_me4_1_0_,
        department0_.`type` as type5_1_0_ 
    from
        Department department0_ 
    where
        department0_.id=? 
2022-03-13 15:39:34 [http-nio-8080-exec-5] TRACE o.h.t.d.s.BasicBinder                              - binding parameter [1] as [INTEGER] - [5] 
2022-03-13 15:39:35 [http-nio-8080-exec-5] DEBUG o.h.SQL                                            - 
    insert 
    into
        `
        Account` (
            department_id, first_name, last_name, password, `Role`, username
        ) 
    values
        (?, ?, ?, ?, ?, ?) 
2022-03-13 15:39:35 [http-nio-8080-exec-5] TRACE o.h.t.d.s.BasicBinder                              - binding parameter [1] as [INTEGER] - [1] 
2022-03-13 15:39:35 [http-nio-8080-exec-5] TRACE o.h.t.d.s.BasicBinder                              - binding parameter [2] as [VARCHAR] - [null] 
2022-03-13 15:39:35 [http-nio-8080-exec-5] TRACE o.h.t.d.s.BasicBinder                              - binding parameter [3] as [VARCHAR] - [null] 
2022-03-13 15:39:35 [http-nio-8080-exec-5] TRACE o.h.t.d.s.BasicBinder                              - binding parameter [4] as [VARCHAR] - [null] 
2022-03-13 15:39:35 [http-nio-8080-exec-5] TRACE o.h.t.d.s.BasicBinder                              - binding parameter [5] as [VARCHAR] - [null] 
2022-03-13 15:39:35 [http-nio-8080-exec-5] TRACE o.h.t.d.s.BasicBinder                              - binding parameter [6] as [VARCHAR] - [van2a] 
2022-03-13 15:39:35 [http-nio-8080-exec-5] WARN  o.h.e.j.s.SqlExceptionHelper                       - SQL Error: 1048, SQLState: 23000 
2022-03-13 15:39:35 [http-nio-8080-exec-5] ERROR o.h.e.j.s.SqlExceptionHelper                       - Column 'first_name' cannot be null 
2022-03-13 15:39:35 [http-nio-8080-exec-5] ERROR c.v.c.e.RestExceptionHandler                       - could not execute statement; SQL [n/a]; constraint [null]; nested exception is org.hibernate.exception.ConstraintViolationException: could not execute statement 
org.springframework.dao.DataIntegrityViolationException: could not execute statement; SQL [n/a]; constraint [null]; nested exception is org.hibernate.exception.ConstraintViolationException: could not execute statement
	at org.springframework.orm.jpa.vendor.HibernateJpaDialect.convertHibernateAccessException(HibernateJpaDialect.java:276) ~[spring-orm-5.3.13.jar:5.3.13]
	at org.springframework.orm.jpa.vendor.HibernateJpaDialect.translateExceptionIfPossible(HibernateJpaDialect.java:233) ~[spring-orm-5.3.13.jar:5.3.13]
	at org.springframework.orm.jpa.AbstractEntityManagerFactoryBean.translateExceptionIfPossible(AbstractEntityManagerFactoryBean.java:551) ~[spring-orm-5.3.13.jar:5.3.13]
	at org.springframework.dao.support.ChainedPersistenceExceptionTranslator.translateExceptionIfPossible(ChainedPersistenceExceptionTranslator.java:61) ~[spring-tx-5.3.13.jar:5.3.13]
	at org.springframework.dao.support.DataAccessUtils.translateIfNecessary(DataAccessUtils.java:242) ~[spring-tx-5.3.13.jar:5.3.13]
	at org.springframework.dao.support.PersistenceExceptionTranslationInterceptor.invoke(PersistenceExceptionTranslationInterceptor.java:152) ~[spring-tx-5.3.13.jar:5.3.13]
	at org.springframework.aop.framework.ReflectiveMethodInvocation.proceed(ReflectiveMethodInvocation.java:186) ~[spring-aop-5.3.13.jar:5.3.13]
	at org.springframework.data.jpa.repository.support.CrudMethodMetadataPostProcessor$CrudMethodMetadataPopulatingMethodInterceptor.invoke(CrudMethodMetadataPostProcessor.java:174) ~[spring-data-jpa-2.6.0.jar:2.6.0]
	at org.springframework.aop.framework.ReflectiveMethodInvocation.proceed(ReflectiveMethodInvocation.java:186) ~[spring-aop-5.3.13.jar:5.3.13]
	at org.springframework.aop.interceptor.ExposeInvocationInterceptor.invoke(ExposeInvocationInterceptor.java:97) ~[spring-aop-5.3.13.jar:5.3.13]
	at org.springframework.aop.framework.ReflectiveMethodInvocation.proceed(ReflectiveMethodInvocation.java:186) ~[spring-aop-5.3.13.jar:5.3.13]
	at org.springframework.aop.framework.JdkDynamicAopProxy.invoke(JdkDynamicAopProxy.java:215) ~[spring-aop-5.3.13.jar:5.3.13]
	at com.sun.proxy.$Proxy182.save(Unknown Source) ~[?:?]
	at com.vti.service.AccountService.createAccount(AccountService.java:61) ~[classes/:?]
	at com.vti.controller.AccountController.createAccount(AccountController.java:70) ~[classes/:?]
	at jdk.internal.reflect.NativeMethodAccessorImpl.invoke0(Native Method) ~[?:?]
	at jdk.internal.reflect.NativeMethodAccessorImpl.invoke(NativeMethodAccessorImpl.java:62) ~[?:?]
	at jdk.internal.reflect.DelegatingMethodAccessorImpl.invoke(DelegatingMethodAccessorImpl.java:43) ~[?:?]
	at java.lang.reflect.Method.invoke(Method.java:566) ~[?:?]
	at org.springframework.web.method.support.InvocableHandlerMethod.doInvoke(InvocableHandlerMethod.java:205) ~[spring-web-5.3.13.jar:5.3.13]
	at org.springframework.web.method.support.InvocableHandlerMethod.invokeForRequest(InvocableHandlerMethod.java:150) ~[spring-web-5.3.13.jar:5.3.13]
	at org.springframework.web.servlet.mvc.method.annotation.ServletInvocableHandlerMethod.invokeAndHandle(ServletInvocableHandlerMethod.java:117) ~[spring-webmvc-5.3.13.jar:5.3.13]
	at org.springframework.web.servlet.mvc.method.annotation.RequestMappingHandlerAdapter.invokeHandlerMethod(RequestMappingHandlerAdapter.java:895) ~[spring-webmvc-5.3.13.jar:5.3.13]
	at org.springframework.web.servlet.mvc.method.annotation.RequestMappingHandlerAdapter.handleInternal(RequestMappingHandlerAdapter.java:808) ~[spring-webmvc-5.3.13.jar:5.3.13]
	at org.springframework.web.servlet.mvc.method.AbstractHandlerMethodAdapter.handle(AbstractHandlerMethodAdapter.java:87) ~[spring-webmvc-5.3.13.jar:5.3.13]
	at org.springframework.web.servlet.DispatcherServlet.doDispatch(DispatcherServlet.java:1067) [spring-webmvc-5.3.13.jar:5.3.13]
	at org.springframework.web.servlet.DispatcherServlet.doService(DispatcherServlet.java:963) [spring-webmvc-5.3.13.jar:5.3.13]
	at org.springframework.web.servlet.FrameworkServlet.processRequest(FrameworkServlet.java:1006) [spring-webmvc-5.3.13.jar:5.3.13]
	at org.springframework.web.servlet.FrameworkServlet.doPost(FrameworkServlet.java:909) [spring-webmvc-5.3.13.jar:5.3.13]
	at javax.servlet.http.HttpServlet.service(HttpServlet.java:681) [tomcat-embed-core-9.0.55.jar:4.0.FR]
	at org.springframework.web.servlet.FrameworkServlet.service(FrameworkServlet.java:883) [spring-webmvc-5.3.13.jar:5.3.13]
	at javax.servlet.http.HttpServlet.service(HttpServlet.java:764) [tomcat-embed-core-9.0.55.jar:4.0.FR]
	at org.apache.catalina.core.ApplicationFilterChain.internalDoFilter(ApplicationFilterChain.java:227) [tomcat-embed-core-9.0.55.jar:9.0.55]
	at org.apache.catalina.core.ApplicationFilterChain.doFilter(ApplicationFilterChain.java:162) [tomcat-embed-core-9.0.55.jar:9.0.55]
	at org.apache.tomcat.websocket.server.WsFilter.doFilter(WsFilter.java:53) [tomcat-embed-websocket-9.0.55.jar:9.0.55]
	at org.apache.catalina.core.ApplicationFilterChain.internalDoFilter(ApplicationFilterChain.java:189) [tomcat-embed-core-9.0.55.jar:9.0.55]
	at org.apache.catalina.core.ApplicationFilterChain.doFilter(ApplicationFilterChain.java:162) [tomcat-embed-core-9.0.55.jar:9.0.55]
	at org.springframework.security.web.FilterChainProxy$VirtualFilterChain.doFilter(FilterChainProxy.java:327) [spring-security-web-5.6.0.jar:5.6.0]
	at org.springframework.security.web.access.intercept.FilterSecurityInterceptor.invoke(FilterSecurityInterceptor.java:115) [spring-security-web-5.6.0.jar:5.6.0]
	at org.springframework.security.web.access.intercept.FilterSecurityInterceptor.doFilter(FilterSecurityInterceptor.java:81) [spring-security-web-5.6.0.jar:5.6.0]
	at org.springframework.security.web.FilterChainProxy$VirtualFilterChain.doFilter(FilterChainProxy.java:336) [spring-security-web-5.6.0.jar:5.6.0]
	at org.springframework.security.web.access.ExceptionTranslationFilter.doFilter(ExceptionTranslationFilter.java:122) [spring-security-web-5.6.0.jar:5.6.0]
	at org.springframework.security.web.access.ExceptionTranslationFilter.doFilter(ExceptionTranslationFilter.java:116) [spring-security-web-5.6.0.jar:5.6.0]
	at org.springframework.security.web.FilterChainProxy$VirtualFilterChain.doFilter(FilterChainProxy.java:336) [spring-security-web-5.6.0.jar:5.6.0]
	at org.springframework.security.web.session.SessionManagementFilter.doFilter(SessionManagementFilter.java:126) [spring-security-web-5.6.0.jar:5.6.0]
	at org.springframework.security.web.session.SessionManagementFilter.doFilter(SessionManagementFilter.java:81) [spring-security-web-5.6.0.jar:5.6.0]
	at org.springframework.security.web.FilterChainProxy$VirtualFilterChain.doFilter(FilterChainProxy.java:336) [spring-security-web-5.6.0.jar:5.6.0]
	at org.springframework.security.web.authentication.AnonymousAuthenticationFilter.doFilter(AnonymousAuthenticationFilter.java:109) [spring-security-web-5.6.0.jar:5.6.0]
	at org.springframework.security.web.FilterChainProxy$VirtualFilterChain.doFilter(FilterChainProxy.java:336) [spring-security-web-5.6.0.jar:5.6.0]
	at org.springframework.security.web.servletapi.SecurityContextHolderAwareRequestFilter.doFilter(SecurityContextHolderAwareRequestFilter.java:149) [spring-security-web-5.6.0.jar:5.6.0]
	at org.springframework.security.web.FilterChainProxy$VirtualFilterChain.doFilter(FilterChainProxy.java:336) [spring-security-web-5.6.0.jar:5.6.0]
	at org.springframework.security.web.savedrequest.RequestCacheAwareFilter.doFilter(RequestCacheAwareFilter.java:63) [spring-security-web-5.6.0.jar:5.6.0]
	at org.springframework.security.web.FilterChainProxy$VirtualFilterChain.doFilter(FilterChainProxy.java:336) [spring-security-web-5.6.0.jar:5.6.0]
	at org.springframework.security.web.authentication.www.BasicAuthenticationFilter.doFilterInternal(BasicAuthenticationFilter.java:181) [spring-security-web-5.6.0.jar:5.6.0]
	at org.springframework.web.filter.OncePerRequestFilter.doFilter(OncePerRequestFilter.java:119) [spring-web-5.3.13.jar:5.3.13]
	at org.springframework.security.web.FilterChainProxy$VirtualFilterChain.doFilter(FilterChainProxy.java:336) [spring-security-web-5.6.0.jar:5.6.0]
	at org.springframework.security.web.authentication.logout.LogoutFilter.doFilter(LogoutFilter.java:103) [spring-security-web-5.6.0.jar:5.6.0]
	at org.springframework.security.web.authentication.logout.LogoutFilter.doFilter(LogoutFilter.java:89) [spring-security-web-5.6.0.jar:5.6.0]
	at org.springframework.security.web.FilterChainProxy$VirtualFilterChain.doFilter(FilterChainProxy.java:336) [spring-security-web-5.6.0.jar:5.6.0]
	at org.springframework.web.filter.CorsFilter.doFilterInternal(CorsFilter.java:91) [spring-web-5.3.13.jar:5.3.13]
	at org.springframework.web.filter.OncePerRequestFilter.doFilter(OncePerRequestFilter.java:119) [spring-web-5.3.13.jar:5.3.13]
	at org.springframework.security.web.FilterChainProxy$VirtualFilterChain.doFilter(FilterChainProxy.java:336) [spring-security-web-5.6.0.jar:5.6.0]
	at org.springframework.security.web.header.HeaderWriterFilter.doHeadersAfter(HeaderWriterFilter.java:90) [spring-security-web-5.6.0.jar:5.6.0]
	at org.springframework.security.web.header.HeaderWriterFilter.doFilterInternal(HeaderWriterFilter.java:75) [spring-security-web-5.6.0.jar:5.6.0]
	at org.springframework.web.filter.OncePerRequestFilter.doFilter(OncePerRequestFilter.java:119) [spring-web-5.3.13.jar:5.3.13]
	at org.springframework.security.web.FilterChainProxy$VirtualFilterChain.doFilter(FilterChainProxy.java:336) [spring-security-web-5.6.0.jar:5.6.0]
	at org.springframework.security.web.context.SecurityContextPersistenceFilter.doFilter(SecurityContextPersistenceFilter.java:110) [spring-security-web-5.6.0.jar:5.6.0]
	at org.springframework.security.web.context.SecurityContextPersistenceFilter.doFilter(SecurityContextPersistenceFilter.java:80) [spring-security-web-5.6.0.jar:5.6.0]
	at org.springframework.security.web.FilterChainProxy$VirtualFilterChain.doFilter(FilterChainProxy.java:336) [spring-security-web-5.6.0.jar:5.6.0]
	at org.springframework.security.web.context.request.async.WebAsyncManagerIntegrationFilter.doFilterInternal(WebAsyncManagerIntegrationFilter.java:55) [spring-security-web-5.6.0.jar:5.6.0]
	at org.springframework.web.filter.OncePerRequestFilter.doFilter(OncePerRequestFilter.java:119) [spring-web-5.3.13.jar:5.3.13]
	at org.springframework.security.web.FilterChainProxy$VirtualFilterChain.doFilter(FilterChainProxy.java:336) [spring-security-web-5.6.0.jar:5.6.0]
	at org.springframework.security.web.FilterChainProxy.doFilterInternal(FilterChainProxy.java:211) [spring-security-web-5.6.0.jar:5.6.0]
	at org.springframework.security.web.FilterChainProxy.doFilter(FilterChainProxy.java:183) [spring-security-web-5.6.0.jar:5.6.0]
	at org.springframework.web.filter.DelegatingFilterProxy.invokeDelegate(DelegatingFilterProxy.java:358) [spring-web-5.3.13.jar:5.3.13]
	at org.springframework.web.filter.DelegatingFilterProxy.doFilter(DelegatingFilterProxy.java:271) [spring-web-5.3.13.jar:5.3.13]
	at org.apache.catalina.core.ApplicationFilterChain.internalDoFilter(ApplicationFilterChain.java:189) [tomcat-embed-core-9.0.55.jar:9.0.55]
	at org.apache.catalina.core.ApplicationFilterChain.doFilter(ApplicationFilterChain.java:162) [tomcat-embed-core-9.0.55.jar:9.0.55]
	at org.springframework.web.filter.RequestContextFilter.doFilterInternal(RequestContextFilter.java:100) [spring-web-5.3.13.jar:5.3.13]
	at org.springframework.web.filter.OncePerRequestFilter.doFilter(OncePerRequestFilter.java:119) [spring-web-5.3.13.jar:5.3.13]
	at org.apache.catalina.core.ApplicationFilterChain.internalDoFilter(ApplicationFilterChain.java:189) [tomcat-embed-core-9.0.55.jar:9.0.55]
	at org.apache.catalina.core.ApplicationFilterChain.doFilter(ApplicationFilterChain.java:162) [tomcat-embed-core-9.0.55.jar:9.0.55]
	at org.springframework.web.filter.FormContentFilter.doFilterInternal(FormContentFilter.java:93) [spring-web-5.3.13.jar:5.3.13]
	at org.springframework.web.filter.OncePerRequestFilter.doFilter(OncePerRequestFilter.java:119) [spring-web-5.3.13.jar:5.3.13]
	at org.apache.catalina.core.ApplicationFilterChain.internalDoFilter(ApplicationFilterChain.java:189) [tomcat-embed-core-9.0.55.jar:9.0.55]
	at org.apache.catalina.core.ApplicationFilterChain.doFilter(ApplicationFilterChain.java:162) [tomcat-embed-core-9.0.55.jar:9.0.55]
	at org.springframework.web.filter.CharacterEncodingFilter.doFilterInternal(CharacterEncodingFilter.java:201) [spring-web-5.3.13.jar:5.3.13]
	at org.springframework.web.filter.OncePerRequestFilter.doFilter(OncePerRequestFilter.java:119) [spring-web-5.3.13.jar:5.3.13]
	at org.apache.catalina.core.ApplicationFilterChain.internalDoFilter(ApplicationFilterChain.java:189) [tomcat-embed-core-9.0.55.jar:9.0.55]
	at org.apache.catalina.core.ApplicationFilterChain.doFilter(ApplicationFilterChain.java:162) [tomcat-embed-core-9.0.55.jar:9.0.55]
	at org.apache.catalina.core.StandardWrapperValve.invoke(StandardWrapperValve.java:197) [tomcat-embed-core-9.0.55.jar:9.0.55]
	at org.apache.catalina.core.StandardContextValve.invoke(StandardContextValve.java:97) [tomcat-embed-core-9.0.55.jar:9.0.55]
	at org.apache.catalina.authenticator.AuthenticatorBase.invoke(AuthenticatorBase.java:540) [tomcat-embed-core-9.0.55.jar:9.0.55]
	at org.apache.catalina.core.StandardHostValve.invoke(StandardHostValve.java:135) [tomcat-embed-core-9.0.55.jar:9.0.55]
	at org.apache.catalina.valves.ErrorReportValve.invoke(ErrorReportValve.java:92) [tomcat-embed-core-9.0.55.jar:9.0.55]
	at org.apache.catalina.core.StandardEngineValve.invoke(StandardEngineValve.java:78) [tomcat-embed-core-9.0.55.jar:9.0.55]
	at org.apache.catalina.connector.CoyoteAdapter.service(CoyoteAdapter.java:357) [tomcat-embed-core-9.0.55.jar:9.0.55]
	at org.apache.coyote.http11.Http11Processor.service(Http11Processor.java:382) [tomcat-embed-core-9.0.55.jar:9.0.55]
	at org.apache.coyote.AbstractProcessorLight.process(AbstractProcessorLight.java:65) [tomcat-embed-core-9.0.55.jar:9.0.55]
	at org.apache.coyote.AbstractProtocol$ConnectionHandler.process(AbstractProtocol.java:895) [tomcat-embed-core-9.0.55.jar:9.0.55]
	at org.apache.tomcat.util.net.NioEndpoint$SocketProcessor.doRun(NioEndpoint.java:1722) [tomcat-embed-core-9.0.55.jar:9.0.55]
	at org.apache.tomcat.util.net.SocketProcessorBase.run(SocketProcessorBase.java:49) [tomcat-embed-core-9.0.55.jar:9.0.55]
	at org.apache.tomcat.util.threads.ThreadPoolExecutor.runWorker(ThreadPoolExecutor.java:1191) [tomcat-embed-core-9.0.55.jar:9.0.55]
	at org.apache.tomcat.util.threads.ThreadPoolExecutor$Worker.run(ThreadPoolExecutor.java:659) [tomcat-embed-core-9.0.55.jar:9.0.55]
	at org.apache.tomcat.util.threads.TaskThread$WrappingRunnable.run(TaskThread.java:61) [tomcat-embed-core-9.0.55.jar:9.0.55]
	at java.lang.Thread.run(Thread.java:834) [?:?]
Caused by: org.hibernate.exception.ConstraintViolationException: could not execute statement
	at org.hibernate.exception.internal.SQLExceptionTypeDelegate.convert(SQLExceptionTypeDelegate.java:59) ~[hibernate-core-5.6.1.Final.jar:5.6.1.Final]
	at org.hibernate.exception.internal.StandardSQLExceptionConverter.convert(StandardSQLExceptionConverter.java:37) ~[hibernate-core-5.6.1.Final.jar:5.6.1.Final]
	at org.hibernate.engine.jdbc.spi.SqlExceptionHelper.convert(SqlExceptionHelper.java:113) ~[hibernate-core-5.6.1.Final.jar:5.6.1.Final]
	at org.hibernate.engine.jdbc.spi.SqlExceptionHelper.convert(SqlExceptionHelper.java:99) ~[hibernate-core-5.6.1.Final.jar:5.6.1.Final]
	at org.hibernate.engine.jdbc.internal.ResultSetReturnImpl.executeUpdate(ResultSetReturnImpl.java:200) ~[hibernate-core-5.6.1.Final.jar:5.6.1.Final]
	at org.hibernate.dialect.identity.GetGeneratedKeysDelegate.executeAndExtract(GetGeneratedKeysDelegate.java:57) ~[hibernate-core-5.6.1.Final.jar:5.6.1.Final]
	at org.hibernate.id.insert.AbstractReturningDelegate.performInsert(AbstractReturningDelegate.java:43) ~[hibernate-core-5.6.1.Final.jar:5.6.1.Final]
	at org.hibernate.persister.entity.AbstractEntityPersister.insert(AbstractEntityPersister.java:3279) ~[hibernate-core-5.6.1.Final.jar:5.6.1.Final]
	at org.hibernate.persister.entity.AbstractEntityPersister.insert(AbstractEntityPersister.java:3885) ~[hibernate-core-5.6.1.Final.jar:5.6.1.Final]
	at org.hibernate.action.internal.EntityIdentityInsertAction.execute(EntityIdentityInsertAction.java:84) ~[hibernate-core-5.6.1.Final.jar:5.6.1.Final]
	at org.hibernate.engine.spi.ActionQueue.execute(ActionQueue.java:645) ~[hibernate-core-5.6.1.Final.jar:5.6.1.Final]
	at org.hibernate.engine.spi.ActionQueue.addResolvedEntityInsertAction(ActionQueue.java:282) ~[hibernate-core-5.6.1.Final.jar:5.6.1.Final]
	at org.hibernate.engine.spi.ActionQueue.addInsertAction(ActionQueue.java:263) ~[hibernate-core-5.6.1.Final.jar:5.6.1.Final]
	at org.hibernate.engine.spi.ActionQueue.addAction(ActionQueue.java:317) ~[hibernate-core-5.6.1.Final.jar:5.6.1.Final]
	at org.hibernate.event.internal.AbstractSaveEventListener.addInsertAction(AbstractSaveEventListener.java:330) ~[hibernate-core-5.6.1.Final.jar:5.6.1.Final]
	at org.hibernate.event.internal.AbstractSaveEventListener.performSaveOrReplicate(AbstractSaveEventListener.java:287) ~[hibernate-core-5.6.1.Final.jar:5.6.1.Final]
	at org.hibernate.event.internal.AbstractSaveEventListener.performSave(AbstractSaveEventListener.java:193) ~[hibernate-core-5.6.1.Final.jar:5.6.1.Final]
	at org.hibernate.event.internal.AbstractSaveEventListener.saveWithGeneratedId(AbstractSaveEventListener.java:123) ~[hibernate-core-5.6.1.Final.jar:5.6.1.Final]
	at org.hibernate.event.internal.DefaultPersistEventListener.entityIsTransient(DefaultPersistEventListener.java:185) ~[hibernate-core-5.6.1.Final.jar:5.6.1.Final]
	at org.hibernate.event.internal.DefaultPersistEventListener.onPersist(DefaultPersistEventListener.java:128) ~[hibernate-core-5.6.1.Final.jar:5.6.1.Final]
	at org.hibernate.event.internal.DefaultPersistEventListener.onPersist(DefaultPersistEventListener.java:55) ~[hibernate-core-5.6.1.Final.jar:5.6.1.Final]
	at org.hibernate.event.service.internal.EventListenerGroupImpl.fireEventOnEachListener(EventListenerGroupImpl.java:107) ~[hibernate-core-5.6.1.Final.jar:5.6.1.Final]
	at org.hibernate.internal.SessionImpl.firePersist(SessionImpl.java:774) ~[hibernate-core-5.6.1.Final.jar:5.6.1.Final]
	at org.hibernate.internal.SessionImpl.persist(SessionImpl.java:760) ~[hibernate-core-5.6.1.Final.jar:5.6.1.Final]
	at jdk.internal.reflect.NativeMethodAccessorImpl.invoke0(Native Method) ~[?:?]
	at jdk.internal.reflect.NativeMethodAccessorImpl.invoke(NativeMethodAccessorImpl.java:62) ~[?:?]
	at jdk.internal.reflect.DelegatingMethodAccessorImpl.invoke(DelegatingMethodAccessorImpl.java:43) ~[?:?]
	at java.lang.reflect.Method.invoke(Method.java:566) ~[?:?]
	at org.springframework.orm.jpa.ExtendedEntityManagerCreator$ExtendedEntityManagerInvocationHandler.invoke(ExtendedEntityManagerCreator.java:362) ~[spring-orm-5.3.13.jar:5.3.13]
	at com.sun.proxy.$Proxy180.persist(Unknown Source) ~[?:?]
	at jdk.internal.reflect.NativeMethodAccessorImpl.invoke0(Native Method) ~[?:?]
	at jdk.internal.reflect.NativeMethodAccessorImpl.invoke(NativeMethodAccessorImpl.java:62) ~[?:?]
	at jdk.internal.reflect.DelegatingMethodAccessorImpl.invoke(DelegatingMethodAccessorImpl.java:43) ~[?:?]
	at java.lang.reflect.Method.invoke(Method.java:566) ~[?:?]
	at org.springframework.orm.jpa.SharedEntityManagerCreator$SharedEntityManagerInvocationHandler.invoke(SharedEntityManagerCreator.java:311) ~[spring-orm-5.3.13.jar:5.3.13]
	at com.sun.proxy.$Proxy180.persist(Unknown Source) ~[?:?]
	at org.springframework.data.jpa.repository.support.SimpleJpaRepository.save(SimpleJpaRepository.java:624) ~[spring-data-jpa-2.6.0.jar:2.6.0]
	at jdk.internal.reflect.NativeMethodAccessorImpl.invoke0(Native Method) ~[?:?]
	at jdk.internal.reflect.NativeMethodAccessorImpl.invoke(NativeMethodAccessorImpl.java:62) ~[?:?]
	at jdk.internal.reflect.DelegatingMethodAccessorImpl.invoke(DelegatingMethodAccessorImpl.java:43) ~[?:?]
	at java.lang.reflect.Method.invoke(Method.java:566) ~[?:?]
	at org.springframework.data.repository.core.support.RepositoryMethodInvoker$RepositoryFragmentMethodInvoker.lambda$new$0(RepositoryMethodInvoker.java:289) ~[spring-data-commons-2.6.0.jar:2.6.0]
	at org.springframework.data.repository.core.support.RepositoryMethodInvoker.doInvoke(RepositoryMethodInvoker.java:137) ~[spring-data-commons-2.6.0.jar:2.6.0]
	at org.springframework.data.repository.core.support.RepositoryMethodInvoker.invoke(RepositoryMethodInvoker.java:121) ~[spring-data-commons-2.6.0.jar:2.6.0]
	at org.springframework.data.repository.core.support.RepositoryComposition$RepositoryFragments.invoke(RepositoryComposition.java:529) ~[spring-data-commons-2.6.0.jar:2.6.0]
	at org.springframework.data.repository.core.support.RepositoryComposition.invoke(RepositoryComposition.java:285) ~[spring-data-commons-2.6.0.jar:2.6.0]
	at org.springframework.data.repository.core.support.RepositoryFactorySupport$ImplementationMethodExecutionInterceptor.invoke(RepositoryFactorySupport.java:638) ~[spring-data-commons-2.6.0.jar:2.6.0]
	at org.springframework.aop.framework.ReflectiveMethodInvocation.proceed(ReflectiveMethodInvocation.java:186) ~[spring-aop-5.3.13.jar:5.3.13]
	at org.springframework.data.repository.core.support.QueryExecutorMethodInterceptor.doInvoke(QueryExecutorMethodInterceptor.java:163) ~[spring-data-commons-2.6.0.jar:2.6.0]
	at org.springframework.data.repository.core.support.QueryExecutorMethodInterceptor.invoke(QueryExecutorMethodInterceptor.java:138) ~[spring-data-commons-2.6.0.jar:2.6.0]
	at org.springframework.aop.framework.ReflectiveMethodInvocation.proceed(ReflectiveMethodInvocation.java:186) ~[spring-aop-5.3.13.jar:5.3.13]
	at org.springframework.data.projection.DefaultMethodInvokingMethodInterceptor.invoke(DefaultMethodInvokingMethodInterceptor.java:80) ~[spring-data-commons-2.6.0.jar:2.6.0]
	at org.springframework.aop.framework.ReflectiveMethodInvocation.proceed(ReflectiveMethodInvocation.java:186) ~[spring-aop-5.3.13.jar:5.3.13]
	at org.springframework.transaction.interceptor.TransactionInterceptor$1.proceedWithInvocation(TransactionInterceptor.java:123) ~[spring-tx-5.3.13.jar:5.3.13]
	at org.springframework.transaction.interceptor.TransactionAspectSupport.invokeWithinTransaction(TransactionAspectSupport.java:388) ~[spring-tx-5.3.13.jar:5.3.13]
	at org.springframework.transaction.interceptor.TransactionInterceptor.invoke(TransactionInterceptor.java:119) ~[spring-tx-5.3.13.jar:5.3.13]
	at org.springframework.aop.framework.ReflectiveMethodInvocation.proceed(ReflectiveMethodInvocation.java:186) ~[spring-aop-5.3.13.jar:5.3.13]
	at org.springframework.dao.support.PersistenceExceptionTranslationInterceptor.invoke(PersistenceExceptionTranslationInterceptor.java:137) ~[spring-tx-5.3.13.jar:5.3.13]
	... 100 more
Caused by: java.sql.SQLIntegrityConstraintViolationException: Column 'first_name' cannot be null
	at com.mysql.cj.jdbc.exceptions.SQLError.createSQLException(SQLError.java:117) ~[mysql-connector-java-8.0.27.jar:8.0.27]
	at com.mysql.cj.jdbc.exceptions.SQLExceptionsMapping.translateException(SQLExceptionsMapping.java:122) ~[mysql-connector-java-8.0.27.jar:8.0.27]
	at com.mysql.cj.jdbc.ClientPreparedStatement.executeInternal(ClientPreparedStatement.java:953) ~[mysql-connector-java-8.0.27.jar:8.0.27]
	at com.mysql.cj.jdbc.ClientPreparedStatement.executeUpdateInternal(ClientPreparedStatement.java:1098) ~[mysql-connector-java-8.0.27.jar:8.0.27]
	at com.mysql.cj.jdbc.ClientPreparedStatement.executeUpdateInternal(ClientPreparedStatement.java:1046) ~[mysql-connector-java-8.0.27.jar:8.0.27]
	at com.mysql.cj.jdbc.ClientPreparedStatement.executeLargeUpdate(ClientPreparedStatement.java:1371) ~[mysql-connector-java-8.0.27.jar:8.0.27]
	at com.mysql.cj.jdbc.ClientPreparedStatement.executeUpdate(ClientPreparedStatement.java:1031) ~[mysql-connector-java-8.0.27.jar:8.0.27]
	at com.zaxxer.hikari.pool.ProxyPreparedStatement.executeUpdate(ProxyPreparedStatement.java:61) ~[HikariCP-4.0.3.jar:?]
	at com.zaxxer.hikari.pool.HikariProxyPreparedStatement.executeUpdate(HikariProxyPreparedStatement.java) ~[HikariCP-4.0.3.jar:?]
	at org.hibernate.engine.jdbc.internal.ResultSetReturnImpl.executeUpdate(ResultSetReturnImpl.java:197) ~[hibernate-core-5.6.1.Final.jar:5.6.1.Final]
	at org.hibernate.dialect.identity.GetGeneratedKeysDelegate.executeAndExtract(GetGeneratedKeysDelegate.java:57) ~[hibernate-core-5.6.1.Final.jar:5.6.1.Final]
	at org.hibernate.id.insert.AbstractReturningDelegate.performInsert(AbstractReturningDelegate.java:43) ~[hibernate-core-5.6.1.Final.jar:5.6.1.Final]
	at org.hibernate.persister.entity.AbstractEntityPersister.insert(AbstractEntityPersister.java:3279) ~[hibernate-core-5.6.1.Final.jar:5.6.1.Final]
	at org.hibernate.persister.entity.AbstractEntityPersister.insert(AbstractEntityPersister.java:3885) ~[hibernate-core-5.6.1.Final.jar:5.6.1.Final]
	at org.hibernate.action.internal.EntityIdentityInsertAction.execute(EntityIdentityInsertAction.java:84) ~[hibernate-core-5.6.1.Final.jar:5.6.1.Final]
	at org.hibernate.engine.spi.ActionQueue.execute(ActionQueue.java:645) ~[hibernate-core-5.6.1.Final.jar:5.6.1.Final]
	at org.hibernate.engine.spi.ActionQueue.addResolvedEntityInsertAction(ActionQueue.java:282) ~[hibernate-core-5.6.1.Final.jar:5.6.1.Final]
	at org.hibernate.engine.spi.ActionQueue.addInsertAction(ActionQueue.java:263) ~[hibernate-core-5.6.1.Final.jar:5.6.1.Final]
	at org.hibernate.engine.spi.ActionQueue.addAction(ActionQueue.java:317) ~[hibernate-core-5.6.1.Final.jar:5.6.1.Final]
	at org.hibernate.event.internal.AbstractSaveEventListener.addInsertAction(AbstractSaveEventListener.java:330) ~[hibernate-core-5.6.1.Final.jar:5.6.1.Final]
	at org.hibernate.event.internal.AbstractSaveEventListener.performSaveOrReplicate(AbstractSaveEventListener.java:287) ~[hibernate-core-5.6.1.Final.jar:5.6.1.Final]
	at org.hibernate.event.internal.AbstractSaveEventListener.performSave(AbstractSaveEventListener.java:193) ~[hibernate-core-5.6.1.Final.jar:5.6.1.Final]
	at org.hibernate.event.internal.AbstractSaveEventListener.saveWithGeneratedId(AbstractSaveEventListener.java:123) ~[hibernate-core-5.6.1.Final.jar:5.6.1.Final]
	at org.hibernate.event.internal.DefaultPersistEventListener.entityIsTransient(DefaultPersistEventListener.java:185) ~[hibernate-core-5.6.1.Final.jar:5.6.1.Final]
	at org.hibernate.event.internal.DefaultPersistEventListener.onPersist(DefaultPersistEventListener.java:128) ~[hibernate-core-5.6.1.Final.jar:5.6.1.Final]
	at org.hibernate.event.internal.DefaultPersistEventListener.onPersist(DefaultPersistEventListener.java:55) ~[hibernate-core-5.6.1.Final.jar:5.6.1.Final]
	at org.hibernate.event.service.internal.EventListenerGroupImpl.fireEventOnEachListener(EventListenerGroupImpl.java:107) ~[hibernate-core-5.6.1.Final.jar:5.6.1.Final]
	at org.hibernate.internal.SessionImpl.firePersist(SessionImpl.java:774) ~[hibernate-core-5.6.1.Final.jar:5.6.1.Final]
	at org.hibernate.internal.SessionImpl.persist(SessionImpl.java:760) ~[hibernate-core-5.6.1.Final.jar:5.6.1.Final]
	at jdk.internal.reflect.NativeMethodAccessorImpl.invoke0(Native Method) ~[?:?]
	at jdk.internal.reflect.NativeMethodAccessorImpl.invoke(NativeMethodAccessorImpl.java:62) ~[?:?]
	at jdk.internal.reflect.DelegatingMethodAccessorImpl.invoke(DelegatingMethodAccessorImpl.java:43) ~[?:?]
	at java.lang.reflect.Method.invoke(Method.java:566) ~[?:?]
	at org.springframework.orm.jpa.ExtendedEntityManagerCreator$ExtendedEntityManagerInvocationHandler.invoke(ExtendedEntityManagerCreator.java:362) ~[spring-orm-5.3.13.jar:5.3.13]
	at com.sun.proxy.$Proxy180.persist(Unknown Source) ~[?:?]
	at jdk.internal.reflect.NativeMethodAccessorImpl.invoke0(Native Method) ~[?:?]
	at jdk.internal.reflect.NativeMethodAccessorImpl.invoke(NativeMethodAccessorImpl.java:62) ~[?:?]
	at jdk.internal.reflect.DelegatingMethodAccessorImpl.invoke(DelegatingMethodAccessorImpl.java:43) ~[?:?]
	at java.lang.reflect.Method.invoke(Method.java:566) ~[?:?]
	at org.springframework.orm.jpa.SharedEntityManagerCreator$SharedEntityManagerInvocationHandler.invoke(SharedEntityManagerCreator.java:311) ~[spring-orm-5.3.13.jar:5.3.13]
	at com.sun.proxy.$Proxy180.persist(Unknown Source) ~[?:?]
	at org.springframework.data.jpa.repository.support.SimpleJpaRepository.save(SimpleJpaRepository.java:624) ~[spring-data-jpa-2.6.0.jar:2.6.0]
	at jdk.internal.reflect.NativeMethodAccessorImpl.invoke0(Native Method) ~[?:?]
	at jdk.internal.reflect.NativeMethodAccessorImpl.invoke(NativeMethodAccessorImpl.java:62) ~[?:?]
	at jdk.internal.reflect.DelegatingMethodAccessorImpl.invoke(DelegatingMethodAccessorImpl.java:43) ~[?:?]
	at java.lang.reflect.Method.invoke(Method.java:566) ~[?:?]
	at org.springframework.data.repository.core.support.RepositoryMethodInvoker$RepositoryFragmentMethodInvoker.lambda$new$0(RepositoryMethodInvoker.java:289) ~[spring-data-commons-2.6.0.jar:2.6.0]
	at org.springframework.data.repository.core.support.RepositoryMethodInvoker.doInvoke(RepositoryMethodInvoker.java:137) ~[spring-data-commons-2.6.0.jar:2.6.0]
	at org.springframework.data.repository.core.support.RepositoryMethodInvoker.invoke(RepositoryMethodInvoker.java:121) ~[spring-data-commons-2.6.0.jar:2.6.0]
	at org.springframework.data.repository.core.support.RepositoryComposition$RepositoryFragments.invoke(RepositoryComposition.java:529) ~[spring-data-commons-2.6.0.jar:2.6.0]
	at org.springframework.data.repository.core.support.RepositoryComposition.invoke(RepositoryComposition.java:285) ~[spring-data-commons-2.6.0.jar:2.6.0]
	at org.springframework.data.repository.core.support.RepositoryFactorySupport$ImplementationMethodExecutionInterceptor.invoke(RepositoryFactorySupport.java:638) ~[spring-data-commons-2.6.0.jar:2.6.0]
	at org.springframework.aop.framework.ReflectiveMethodInvocation.proceed(ReflectiveMethodInvocation.java:186) ~[spring-aop-5.3.13.jar:5.3.13]
	at org.springframework.data.repository.core.support.QueryExecutorMethodInterceptor.doInvoke(QueryExecutorMethodInterceptor.java:163) ~[spring-data-commons-2.6.0.jar:2.6.0]
	at org.springframework.data.repository.core.support.QueryExecutorMethodInterceptor.invoke(QueryExecutorMethodInterceptor.java:138) ~[spring-data-commons-2.6.0.jar:2.6.0]
	at org.springframework.aop.framework.ReflectiveMethodInvocation.proceed(ReflectiveMethodInvocation.java:186) ~[spring-aop-5.3.13.jar:5.3.13]
	at org.springframework.data.projection.DefaultMethodInvokingMethodInterceptor.invoke(DefaultMethodInvokingMethodInterceptor.java:80) ~[spring-data-commons-2.6.0.jar:2.6.0]
	at org.springframework.aop.framework.ReflectiveMethodInvocation.proceed(ReflectiveMethodInvocation.java:186) ~[spring-aop-5.3.13.jar:5.3.13]
	at org.springframework.transaction.interceptor.TransactionInterceptor$1.proceedWithInvocation(TransactionInterceptor.java:123) ~[spring-tx-5.3.13.jar:5.3.13]
	at org.springframework.transaction.interceptor.TransactionAspectSupport.invokeWithinTransaction(TransactionAspectSupport.java:388) ~[spring-tx-5.3.13.jar:5.3.13]
	at org.springframework.transaction.interceptor.TransactionInterceptor.invoke(TransactionInterceptor.java:119) ~[spring-tx-5.3.13.jar:5.3.13]
	at org.springframework.aop.framework.ReflectiveMethodInvocation.proceed(ReflectiveMethodInvocation.java:186) ~[spring-aop-5.3.13.jar:5.3.13]
	at org.springframework.dao.support.PersistenceExceptionTranslationInterceptor.invoke(PersistenceExceptionTranslationInterceptor.java:137) ~[spring-tx-5.3.13.jar:5.3.13]
	... 100 more
2022-03-13 15:39:35 [http-nio-8080-exec-5] WARN  o.s.w.s.m.m.a.ExceptionHandlerExceptionResolver    - Resolved [org.springframework.dao.DataIntegrityViolationException: could not execute statement; SQL [n/a]; constraint [null]; nested exception is org.hibernate.exception.ConstraintViolationException: could not execute statement] 
2022-03-13 15:40:00 [http-nio-8080-exec-7] DEBUG o.h.SQL                                            - 
    select
        department0_.id as id1_1_,
        department0_.created_date as created_2_1_,
        department0_.`name` as name3_1_,
        department0_.total_member as total_me4_1_,
        department0_.`type` as type5_1_ 
    from
        Department department0_ 
    where
        department0_.`type`=? limit ? 
2022-03-13 15:40:00 [http-nio-8080-exec-7] TRACE o.h.t.d.s.BasicBinder                              - binding parameter [1] as [VARCHAR] - [Dev] 
2022-03-13 15:40:00 [http-nio-8080-exec-7] DEBUG o.h.SQL                                            - 
    select
        accounts0_.department_id as departme7_0_0_,
        accounts0_.id as id1_0_0_,
        accounts0_.id as id1_0_1_,
        accounts0_.department_id as departme7_0_1_,
        accounts0_.first_name as first_na2_0_1_,
        accounts0_.last_name as last_nam3_0_1_,
        accounts0_.password as password4_0_1_,
        accounts0_.`Role` as role5_0_1_,
        accounts0_.username as username6_0_1_,
        concat(accounts0_.first_name,
        ' ',
        accounts0_.last_name)  as formula2_1_ 
    from
        `Account` accounts0_ 
    where
        accounts0_.department_id=? 
2022-03-13 15:40:00 [http-nio-8080-exec-7] TRACE o.h.t.d.s.BasicBinder                              - binding parameter [1] as [INTEGER] - [1] 
2022-03-13 15:40:00 [http-nio-8080-exec-7] DEBUG o.h.SQL                                            - 
    select
        accounts0_.department_id as departme7_0_0_,
        accounts0_.id as id1_0_0_,
        accounts0_.id as id1_0_1_,
        accounts0_.department_id as departme7_0_1_,
        accounts0_.first_name as first_na2_0_1_,
        accounts0_.last_name as last_nam3_0_1_,
        accounts0_.password as password4_0_1_,
        accounts0_.`Role` as role5_0_1_,
        accounts0_.username as username6_0_1_,
        concat(accounts0_.first_name,
        ' ',
        accounts0_.last_name)  as formula2_1_ 
    from
        `Account` accounts0_ 
    where
        accounts0_.department_id=? 
2022-03-13 15:40:00 [http-nio-8080-exec-7] TRACE o.h.t.d.s.BasicBinder                              - binding parameter [1] as [INTEGER] - [5] 
2022-03-13 15:40:00 [http-nio-8080-exec-7] DEBUG o.h.SQL                                            - 
    select
        accounts0_.department_id as departme7_0_0_,
        accounts0_.id as id1_0_0_,
        accounts0_.id as id1_0_1_,
        accounts0_.department_id as departme7_0_1_,
        accounts0_.first_name as first_na2_0_1_,
        accounts0_.last_name as last_nam3_0_1_,
        accounts0_.password as password4_0_1_,
        accounts0_.`Role` as role5_0_1_,
        accounts0_.username as username6_0_1_,
        concat(accounts0_.first_name,
        ' ',
        accounts0_.last_name)  as formula2_1_ 
    from
        `Account` accounts0_ 
    where
        accounts0_.department_id=? 
2022-03-13 15:40:00 [http-nio-8080-exec-7] TRACE o.h.t.d.s.BasicBinder                              - binding parameter [1] as [INTEGER] - [10] 
2022-03-13 15:40:05 [http-nio-8080-exec-8] DEBUG o.h.SQL                                            - 
    select
        department0_.id as id1_1_,
        department0_.created_date as created_2_1_,
        department0_.`name` as name3_1_,
        department0_.total_member as total_me4_1_,
        department0_.`type` as type5_1_ 
    from
        Department department0_ limit ? 
2022-03-13 15:40:05 [http-nio-8080-exec-8] DEBUG o.h.SQL                                            - 
    select
        count(department0_.id) as col_0_0_ 
    from
        Department department0_ 
2022-03-13 15:40:05 [http-nio-8080-exec-8] DEBUG o.h.SQL                                            - 
    select
        accounts0_.department_id as departme7_0_0_,
        accounts0_.id as id1_0_0_,
        accounts0_.id as id1_0_1_,
        accounts0_.department_id as departme7_0_1_,
        accounts0_.first_name as first_na2_0_1_,
        accounts0_.last_name as last_nam3_0_1_,
        accounts0_.password as password4_0_1_,
        accounts0_.`Role` as role5_0_1_,
        accounts0_.username as username6_0_1_,
        concat(accounts0_.first_name,
        ' ',
        accounts0_.last_name)  as formula2_1_ 
    from
        `Account` accounts0_ 
    where
        accounts0_.department_id=? 
2022-03-13 15:40:06 [http-nio-8080-exec-8] TRACE o.h.t.d.s.BasicBinder                              - binding parameter [1] as [INTEGER] - [1] 
2022-03-13 15:40:06 [http-nio-8080-exec-8] DEBUG o.h.SQL                                            - 
    select
        accounts0_.department_id as departme7_0_0_,
        accounts0_.id as id1_0_0_,
        accounts0_.id as id1_0_1_,
        accounts0_.department_id as departme7_0_1_,
        accounts0_.first_name as first_na2_0_1_,
        accounts0_.last_name as last_nam3_0_1_,
        accounts0_.password as password4_0_1_,
        accounts0_.`Role` as role5_0_1_,
        accounts0_.username as username6_0_1_,
        concat(accounts0_.first_name,
        ' ',
        accounts0_.last_name)  as formula2_1_ 
    from
        `Account` accounts0_ 
    where
        accounts0_.department_id=? 
2022-03-13 15:40:06 [http-nio-8080-exec-8] TRACE o.h.t.d.s.BasicBinder                              - binding parameter [1] as [INTEGER] - [2] 
2022-03-13 15:40:06 [http-nio-8080-exec-8] DEBUG o.h.SQL                                            - 
    select
        accounts0_.department_id as departme7_0_0_,
        accounts0_.id as id1_0_0_,
        accounts0_.id as id1_0_1_,
        accounts0_.department_id as departme7_0_1_,
        accounts0_.first_name as first_na2_0_1_,
        accounts0_.last_name as last_nam3_0_1_,
        accounts0_.password as password4_0_1_,
        accounts0_.`Role` as role5_0_1_,
        accounts0_.username as username6_0_1_,
        concat(accounts0_.first_name,
        ' ',
        accounts0_.last_name)  as formula2_1_ 
    from
        `Account` accounts0_ 
    where
        accounts0_.department_id=? 
2022-03-13 15:40:06 [http-nio-8080-exec-8] TRACE o.h.t.d.s.BasicBinder                              - binding parameter [1] as [INTEGER] - [3] 
2022-03-13 15:40:06 [http-nio-8080-exec-8] DEBUG o.h.SQL                                            - 
    select
        accounts0_.department_id as departme7_0_0_,
        accounts0_.id as id1_0_0_,
        accounts0_.id as id1_0_1_,
        accounts0_.department_id as departme7_0_1_,
        accounts0_.first_name as first_na2_0_1_,
        accounts0_.last_name as last_nam3_0_1_,
        accounts0_.password as password4_0_1_,
        accounts0_.`Role` as role5_0_1_,
        accounts0_.username as username6_0_1_,
        concat(accounts0_.first_name,
        ' ',
        accounts0_.last_name)  as formula2_1_ 
    from
        `Account` accounts0_ 
    where
        accounts0_.department_id=? 
2022-03-13 15:40:06 [http-nio-8080-exec-8] TRACE o.h.t.d.s.BasicBinder                              - binding parameter [1] as [INTEGER] - [4] 
2022-03-13 15:40:06 [http-nio-8080-exec-8] DEBUG o.h.SQL                                            - 
    select
        accounts0_.department_id as departme7_0_0_,
        accounts0_.id as id1_0_0_,
        accounts0_.id as id1_0_1_,
        accounts0_.department_id as departme7_0_1_,
        accounts0_.first_name as first_na2_0_1_,
        accounts0_.last_name as last_nam3_0_1_,
        accounts0_.password as password4_0_1_,
        accounts0_.`Role` as role5_0_1_,
        accounts0_.username as username6_0_1_,
        concat(accounts0_.first_name,
        ' ',
        accounts0_.last_name)  as formula2_1_ 
    from
        `Account` accounts0_ 
    where
        accounts0_.department_id=? 
2022-03-13 15:40:06 [http-nio-8080-exec-8] TRACE o.h.t.d.s.BasicBinder                              - binding parameter [1] as [INTEGER] - [5] 
2022-03-13 15:40:06 [http-nio-8080-exec-8] DEBUG o.h.SQL                                            - 
    select
        accounts0_.department_id as departme7_0_0_,
        accounts0_.id as id1_0_0_,
        accounts0_.id as id1_0_1_,
        accounts0_.department_id as departme7_0_1_,
        accounts0_.first_name as first_na2_0_1_,
        accounts0_.last_name as last_nam3_0_1_,
        accounts0_.password as password4_0_1_,
        accounts0_.`Role` as role5_0_1_,
        accounts0_.username as username6_0_1_,
        concat(accounts0_.first_name,
        ' ',
        accounts0_.last_name)  as formula2_1_ 
    from
        `Account` accounts0_ 
    where
        accounts0_.department_id=? 
2022-03-13 15:40:06 [http-nio-8080-exec-8] TRACE o.h.t.d.s.BasicBinder                              - binding parameter [1] as [INTEGER] - [6] 
2022-03-13 15:40:06 [http-nio-8080-exec-8] DEBUG o.h.SQL                                            - 
    select
        accounts0_.department_id as departme7_0_0_,
        accounts0_.id as id1_0_0_,
        accounts0_.id as id1_0_1_,
        accounts0_.department_id as departme7_0_1_,
        accounts0_.first_name as first_na2_0_1_,
        accounts0_.last_name as last_nam3_0_1_,
        accounts0_.password as password4_0_1_,
        accounts0_.`Role` as role5_0_1_,
        accounts0_.username as username6_0_1_,
        concat(accounts0_.first_name,
        ' ',
        accounts0_.last_name)  as formula2_1_ 
    from
        `Account` accounts0_ 
    where
        accounts0_.department_id=? 
2022-03-13 15:40:06 [http-nio-8080-exec-8] TRACE o.h.t.d.s.BasicBinder                              - binding parameter [1] as [INTEGER] - [7] 
2022-03-13 15:40:06 [http-nio-8080-exec-8] DEBUG o.h.SQL                                            - 
    select
        accounts0_.department_id as departme7_0_0_,
        accounts0_.id as id1_0_0_,
        accounts0_.id as id1_0_1_,
        accounts0_.department_id as departme7_0_1_,
        accounts0_.first_name as first_na2_0_1_,
        accounts0_.last_name as last_nam3_0_1_,
        accounts0_.password as password4_0_1_,
        accounts0_.`Role` as role5_0_1_,
        accounts0_.username as username6_0_1_,
        concat(accounts0_.first_name,
        ' ',
        accounts0_.last_name)  as formula2_1_ 
    from
        `Account` accounts0_ 
    where
        accounts0_.department_id=? 
2022-03-13 15:40:06 [http-nio-8080-exec-8] TRACE o.h.t.d.s.BasicBinder                              - binding parameter [1] as [INTEGER] - [8] 
2022-03-13 15:40:06 [http-nio-8080-exec-8] DEBUG o.h.SQL                                            - 
    select
        accounts0_.department_id as departme7_0_0_,
        accounts0_.id as id1_0_0_,
        accounts0_.id as id1_0_1_,
        accounts0_.department_id as departme7_0_1_,
        accounts0_.first_name as first_na2_0_1_,
        accounts0_.last_name as last_nam3_0_1_,
        accounts0_.password as password4_0_1_,
        accounts0_.`Role` as role5_0_1_,
        accounts0_.username as username6_0_1_,
        concat(accounts0_.first_name,
        ' ',
        accounts0_.last_name)  as formula2_1_ 
    from
        `Account` accounts0_ 
    where
        accounts0_.department_id=? 
2022-03-13 15:40:06 [http-nio-8080-exec-8] TRACE o.h.t.d.s.BasicBinder                              - binding parameter [1] as [INTEGER] - [9] 
2022-03-13 15:40:06 [http-nio-8080-exec-8] DEBUG o.h.SQL                                            - 
    select
        accounts0_.department_id as departme7_0_0_,
        accounts0_.id as id1_0_0_,
        accounts0_.id as id1_0_1_,
        accounts0_.department_id as departme7_0_1_,
        accounts0_.first_name as first_na2_0_1_,
        accounts0_.last_name as last_nam3_0_1_,
        accounts0_.password as password4_0_1_,
        accounts0_.`Role` as role5_0_1_,
        accounts0_.username as username6_0_1_,
        concat(accounts0_.first_name,
        ' ',
        accounts0_.last_name)  as formula2_1_ 
    from
        `Account` accounts0_ 
    where
        accounts0_.department_id=? 
2022-03-13 15:40:06 [http-nio-8080-exec-8] TRACE o.h.t.d.s.BasicBinder                              - binding parameter [1] as [INTEGER] - [10] 
2022-03-13 15:41:25 [http-nio-8080-exec-1] WARN  o.s.w.s.PageNotFound                               - No mapping for GET /api/v1/departments11233123 
2022-03-13 15:41:25 [http-nio-8080-exec-1] ERROR c.v.c.e.RestExceptionHandler                       - No handler found for GET /api/v1/departments11233123 
org.springframework.web.servlet.NoHandlerFoundException: No handler found for GET /api/v1/departments11233123
	at org.springframework.web.servlet.DispatcherServlet.noHandlerFound(DispatcherServlet.java:1282) [spring-webmvc-5.3.13.jar:5.3.13]
	at org.springframework.web.servlet.DispatcherServlet.doDispatch(DispatcherServlet.java:1045) [spring-webmvc-5.3.13.jar:5.3.13]
	at org.springframework.web.servlet.DispatcherServlet.doService(DispatcherServlet.java:963) [spring-webmvc-5.3.13.jar:5.3.13]
	at org.springframework.web.servlet.FrameworkServlet.processRequest(FrameworkServlet.java:1006) [spring-webmvc-5.3.13.jar:5.3.13]
	at org.springframework.web.servlet.FrameworkServlet.doGet(FrameworkServlet.java:898) [spring-webmvc-5.3.13.jar:5.3.13]
	at javax.servlet.http.HttpServlet.service(HttpServlet.java:655) [tomcat-embed-core-9.0.55.jar:4.0.FR]
	at org.springframework.web.servlet.FrameworkServlet.service(FrameworkServlet.java:883) [spring-webmvc-5.3.13.jar:5.3.13]
	at javax.servlet.http.HttpServlet.service(HttpServlet.java:764) [tomcat-embed-core-9.0.55.jar:4.0.FR]
	at org.apache.catalina.core.ApplicationFilterChain.internalDoFilter(ApplicationFilterChain.java:227) [tomcat-embed-core-9.0.55.jar:9.0.55]
	at org.apache.catalina.core.ApplicationFilterChain.doFilter(ApplicationFilterChain.java:162) [tomcat-embed-core-9.0.55.jar:9.0.55]
	at org.apache.tomcat.websocket.server.WsFilter.doFilter(WsFilter.java:53) [tomcat-embed-websocket-9.0.55.jar:9.0.55]
	at org.apache.catalina.core.ApplicationFilterChain.internalDoFilter(ApplicationFilterChain.java:189) [tomcat-embed-core-9.0.55.jar:9.0.55]
	at org.apache.catalina.core.ApplicationFilterChain.doFilter(ApplicationFilterChain.java:162) [tomcat-embed-core-9.0.55.jar:9.0.55]
	at org.springframework.security.web.FilterChainProxy$VirtualFilterChain.doFilter(FilterChainProxy.java:327) [spring-security-web-5.6.0.jar:5.6.0]
	at org.springframework.security.web.access.intercept.FilterSecurityInterceptor.invoke(FilterSecurityInterceptor.java:115) [spring-security-web-5.6.0.jar:5.6.0]
	at org.springframework.security.web.access.intercept.FilterSecurityInterceptor.doFilter(FilterSecurityInterceptor.java:81) [spring-security-web-5.6.0.jar:5.6.0]
	at org.springframework.security.web.FilterChainProxy$VirtualFilterChain.doFilter(FilterChainProxy.java:336) [spring-security-web-5.6.0.jar:5.6.0]
	at org.springframework.security.web.access.ExceptionTranslationFilter.doFilter(ExceptionTranslationFilter.java:122) [spring-security-web-5.6.0.jar:5.6.0]
	at org.springframework.security.web.access.ExceptionTranslationFilter.doFilter(ExceptionTranslationFilter.java:116) [spring-security-web-5.6.0.jar:5.6.0]
	at org.springframework.security.web.FilterChainProxy$VirtualFilterChain.doFilter(FilterChainProxy.java:336) [spring-security-web-5.6.0.jar:5.6.0]
	at org.springframework.security.web.session.SessionManagementFilter.doFilter(SessionManagementFilter.java:126) [spring-security-web-5.6.0.jar:5.6.0]
	at org.springframework.security.web.session.SessionManagementFilter.doFilter(SessionManagementFilter.java:81) [spring-security-web-5.6.0.jar:5.6.0]
	at org.springframework.security.web.FilterChainProxy$VirtualFilterChain.doFilter(FilterChainProxy.java:336) [spring-security-web-5.6.0.jar:5.6.0]
	at org.springframework.security.web.authentication.AnonymousAuthenticationFilter.doFilter(AnonymousAuthenticationFilter.java:109) [spring-security-web-5.6.0.jar:5.6.0]
	at org.springframework.security.web.FilterChainProxy$VirtualFilterChain.doFilter(FilterChainProxy.java:336) [spring-security-web-5.6.0.jar:5.6.0]
	at org.springframework.security.web.servletapi.SecurityContextHolderAwareRequestFilter.doFilter(SecurityContextHolderAwareRequestFilter.java:149) [spring-security-web-5.6.0.jar:5.6.0]
	at org.springframework.security.web.FilterChainProxy$VirtualFilterChain.doFilter(FilterChainProxy.java:336) [spring-security-web-5.6.0.jar:5.6.0]
	at org.springframework.security.web.savedrequest.RequestCacheAwareFilter.doFilter(RequestCacheAwareFilter.java:63) [spring-security-web-5.6.0.jar:5.6.0]
	at org.springframework.security.web.FilterChainProxy$VirtualFilterChain.doFilter(FilterChainProxy.java:336) [spring-security-web-5.6.0.jar:5.6.0]
	at org.springframework.security.web.authentication.www.BasicAuthenticationFilter.doFilterInternal(BasicAuthenticationFilter.java:181) [spring-security-web-5.6.0.jar:5.6.0]
	at org.springframework.web.filter.OncePerRequestFilter.doFilter(OncePerRequestFilter.java:119) [spring-web-5.3.13.jar:5.3.13]
	at org.springframework.security.web.FilterChainProxy$VirtualFilterChain.doFilter(FilterChainProxy.java:336) [spring-security-web-5.6.0.jar:5.6.0]
	at org.springframework.security.web.authentication.logout.LogoutFilter.doFilter(LogoutFilter.java:103) [spring-security-web-5.6.0.jar:5.6.0]
	at org.springframework.security.web.authentication.logout.LogoutFilter.doFilter(LogoutFilter.java:89) [spring-security-web-5.6.0.jar:5.6.0]
	at org.springframework.security.web.FilterChainProxy$VirtualFilterChain.doFilter(FilterChainProxy.java:336) [spring-security-web-5.6.0.jar:5.6.0]
	at org.springframework.web.filter.CorsFilter.doFilterInternal(CorsFilter.java:91) [spring-web-5.3.13.jar:5.3.13]
	at org.springframework.web.filter.OncePerRequestFilter.doFilter(OncePerRequestFilter.java:119) [spring-web-5.3.13.jar:5.3.13]
	at org.springframework.security.web.FilterChainProxy$VirtualFilterChain.doFilter(FilterChainProxy.java:336) [spring-security-web-5.6.0.jar:5.6.0]
	at org.springframework.security.web.header.HeaderWriterFilter.doHeadersAfter(HeaderWriterFilter.java:90) [spring-security-web-5.6.0.jar:5.6.0]
	at org.springframework.security.web.header.HeaderWriterFilter.doFilterInternal(HeaderWriterFilter.java:75) [spring-security-web-5.6.0.jar:5.6.0]
	at org.springframework.web.filter.OncePerRequestFilter.doFilter(OncePerRequestFilter.java:119) [spring-web-5.3.13.jar:5.3.13]
	at org.springframework.security.web.FilterChainProxy$VirtualFilterChain.doFilter(FilterChainProxy.java:336) [spring-security-web-5.6.0.jar:5.6.0]
	at org.springframework.security.web.context.SecurityContextPersistenceFilter.doFilter(SecurityContextPersistenceFilter.java:110) [spring-security-web-5.6.0.jar:5.6.0]
	at org.springframework.security.web.context.SecurityContextPersistenceFilter.doFilter(SecurityContextPersistenceFilter.java:80) [spring-security-web-5.6.0.jar:5.6.0]
	at org.springframework.security.web.FilterChainProxy$VirtualFilterChain.doFilter(FilterChainProxy.java:336) [spring-security-web-5.6.0.jar:5.6.0]
	at org.springframework.security.web.context.request.async.WebAsyncManagerIntegrationFilter.doFilterInternal(WebAsyncManagerIntegrationFilter.java:55) [spring-security-web-5.6.0.jar:5.6.0]
	at org.springframework.web.filter.OncePerRequestFilter.doFilter(OncePerRequestFilter.java:119) [spring-web-5.3.13.jar:5.3.13]
	at org.springframework.security.web.FilterChainProxy$VirtualFilterChain.doFilter(FilterChainProxy.java:336) [spring-security-web-5.6.0.jar:5.6.0]
	at org.springframework.security.web.FilterChainProxy.doFilterInternal(FilterChainProxy.java:211) [spring-security-web-5.6.0.jar:5.6.0]
	at org.springframework.security.web.FilterChainProxy.doFilter(FilterChainProxy.java:183) [spring-security-web-5.6.0.jar:5.6.0]
	at org.springframework.web.filter.DelegatingFilterProxy.invokeDelegate(DelegatingFilterProxy.java:358) [spring-web-5.3.13.jar:5.3.13]
	at org.springframework.web.filter.DelegatingFilterProxy.doFilter(DelegatingFilterProxy.java:271) [spring-web-5.3.13.jar:5.3.13]
	at org.apache.catalina.core.ApplicationFilterChain.internalDoFilter(ApplicationFilterChain.java:189) [tomcat-embed-core-9.0.55.jar:9.0.55]
	at org.apache.catalina.core.ApplicationFilterChain.doFilter(ApplicationFilterChain.java:162) [tomcat-embed-core-9.0.55.jar:9.0.55]
	at org.springframework.web.filter.RequestContextFilter.doFilterInternal(RequestContextFilter.java:100) [spring-web-5.3.13.jar:5.3.13]
	at org.springframework.web.filter.OncePerRequestFilter.doFilter(OncePerRequestFilter.java:119) [spring-web-5.3.13.jar:5.3.13]
	at org.apache.catalina.core.ApplicationFilterChain.internalDoFilter(ApplicationFilterChain.java:189) [tomcat-embed-core-9.0.55.jar:9.0.55]
	at org.apache.catalina.core.ApplicationFilterChain.doFilter(ApplicationFilterChain.java:162) [tomcat-embed-core-9.0.55.jar:9.0.55]
	at org.springframework.web.filter.FormContentFilter.doFilterInternal(FormContentFilter.java:93) [spring-web-5.3.13.jar:5.3.13]
	at org.springframework.web.filter.OncePerRequestFilter.doFilter(OncePerRequestFilter.java:119) [spring-web-5.3.13.jar:5.3.13]
	at org.apache.catalina.core.ApplicationFilterChain.internalDoFilter(ApplicationFilterChain.java:189) [tomcat-embed-core-9.0.55.jar:9.0.55]
	at org.apache.catalina.core.ApplicationFilterChain.doFilter(ApplicationFilterChain.java:162) [tomcat-embed-core-9.0.55.jar:9.0.55]
	at org.springframework.web.filter.CharacterEncodingFilter.doFilterInternal(CharacterEncodingFilter.java:201) [spring-web-5.3.13.jar:5.3.13]
	at org.springframework.web.filter.OncePerRequestFilter.doFilter(OncePerRequestFilter.java:119) [spring-web-5.3.13.jar:5.3.13]
	at org.apache.catalina.core.ApplicationFilterChain.internalDoFilter(ApplicationFilterChain.java:189) [tomcat-embed-core-9.0.55.jar:9.0.55]
	at org.apache.catalina.core.ApplicationFilterChain.doFilter(ApplicationFilterChain.java:162) [tomcat-embed-core-9.0.55.jar:9.0.55]
	at org.apache.catalina.core.StandardWrapperValve.invoke(StandardWrapperValve.java:197) [tomcat-embed-core-9.0.55.jar:9.0.55]
	at org.apache.catalina.core.StandardContextValve.invoke(StandardContextValve.java:97) [tomcat-embed-core-9.0.55.jar:9.0.55]
	at org.apache.catalina.authenticator.AuthenticatorBase.invoke(AuthenticatorBase.java:540) [tomcat-embed-core-9.0.55.jar:9.0.55]
	at org.apache.catalina.core.StandardHostValve.invoke(StandardHostValve.java:135) [tomcat-embed-core-9.0.55.jar:9.0.55]
	at org.apache.catalina.valves.ErrorReportValve.invoke(ErrorReportValve.java:92) [tomcat-embed-core-9.0.55.jar:9.0.55]
	at org.apache.catalina.core.StandardEngineValve.invoke(StandardEngineValve.java:78) [tomcat-embed-core-9.0.55.jar:9.0.55]
	at org.apache.catalina.connector.CoyoteAdapter.service(CoyoteAdapter.java:357) [tomcat-embed-core-9.0.55.jar:9.0.55]
	at org.apache.coyote.http11.Http11Processor.service(Http11Processor.java:382) [tomcat-embed-core-9.0.55.jar:9.0.55]
	at org.apache.coyote.AbstractProcessorLight.process(AbstractProcessorLight.java:65) [tomcat-embed-core-9.0.55.jar:9.0.55]
	at org.apache.coyote.AbstractProtocol$ConnectionHandler.process(AbstractProtocol.java:895) [tomcat-embed-core-9.0.55.jar:9.0.55]
	at org.apache.tomcat.util.net.NioEndpoint$SocketProcessor.doRun(NioEndpoint.java:1722) [tomcat-embed-core-9.0.55.jar:9.0.55]
	at org.apache.tomcat.util.net.SocketProcessorBase.run(SocketProcessorBase.java:49) [tomcat-embed-core-9.0.55.jar:9.0.55]
	at org.apache.tomcat.util.threads.ThreadPoolExecutor.runWorker(ThreadPoolExecutor.java:1191) [tomcat-embed-core-9.0.55.jar:9.0.55]
	at org.apache.tomcat.util.threads.ThreadPoolExecutor$Worker.run(ThreadPoolExecutor.java:659) [tomcat-embed-core-9.0.55.jar:9.0.55]
	at org.apache.tomcat.util.threads.TaskThread$WrappingRunnable.run(TaskThread.java:61) [tomcat-embed-core-9.0.55.jar:9.0.55]
	at java.lang.Thread.run(Thread.java:834) [?:?]
2022-03-13 15:41:25 [http-nio-8080-exec-1] WARN  o.s.w.s.m.m.a.ExceptionHandlerExceptionResolver    - Resolved [org.springframework.web.servlet.NoHandlerFoundException: No handler found for GET /api/v1/departments11233123] 
2022-03-13 15:45:02 [Thread-7] INFO  o.s.o.j.LocalContainerEntityManagerFactoryBean     - Closing JPA EntityManagerFactory for persistence unit 'default' 
2022-03-13 15:45:02 [Thread-7] INFO  c.z.h.HikariDataSource                             - HikariPool-2 - Shutdown initiated... 
2022-03-13 15:45:02 [Thread-7] INFO  c.z.h.HikariDataSource                             - HikariPool-2 - Shutdown completed. 
