2022-03-28 21:18:39 [background-preinit] INFO  o.h.v.i.u.Version                                  - HV000001: Hibernate Validator 6.2.0.Final 
2022-03-28 21:18:39 [main] INFO  c.v.advancedJavaFinalKimThanhApplication           - Starting advancedJavaFinalKimThanhApplication v0.0.1-SNAPSHOT using Java 17.0.1 on Tan-Phong.local with PID 51279 (/Users/apple/Downloads/Thanh_advancedJava/target/HelloWorld-0.0.1-SNAPSHOT.jar started by apple in /Users/apple/Downloads/Thanh_advancedJava/target) 
2022-03-28 21:18:39 [main] INFO  c.v.advancedJavaFinalKimThanhApplication           - No active profile set, falling back to default profiles: default 
2022-03-28 21:18:41 [main] INFO  o.s.d.r.c.RepositoryConfigurationDelegate          - Bootstrapping Spring Data JPA repositories in DEFAULT mode. 
2022-03-28 21:18:41 [main] INFO  o.s.d.r.c.RepositoryConfigurationDelegate          - Finished Spring Data repository scanning in 78 ms. Found 2 JPA repository interfaces. 
2022-03-28 21:18:42 [main] INFO  o.s.b.w.e.t.TomcatWebServer                        - Tomcat initialized with port(s): 8080 (http) 
2022-03-28 21:18:42 [main] INFO  o.a.c.h.Http11NioProtocol                          - Initializing ProtocolHandler ["http-nio-8080"] 
2022-03-28 21:18:42 [main] INFO  o.a.c.c.StandardService                            - Starting service [Tomcat] 
2022-03-28 21:18:42 [main] INFO  o.a.c.c.StandardEngine                             - Starting Servlet engine: [Apache Tomcat/9.0.55] 
2022-03-28 21:18:42 [main] INFO  o.a.c.c.C.[.[.[/]                                  - Initializing Spring embedded WebApplicationContext 
2022-03-28 21:18:42 [main] INFO  o.s.b.w.s.c.ServletWebServerApplicationContext     - Root WebApplicationContext: initialization completed in 2286 ms 
2022-03-28 21:18:42 [main] INFO  c.z.h.HikariDataSource                             - HikariPool-1 - Starting... 
2022-03-28 21:18:44 [main] INFO  c.z.h.HikariDataSource                             - HikariPool-1 - Start completed. 
2022-03-28 21:18:44 [main] INFO  o.h.j.i.u.LogHelper                                - HHH000204: Processing PersistenceUnitInfo [name: default] 
2022-03-28 21:18:45 [main] INFO  o.h.Version                                        - HHH000412: Hibernate ORM core version 5.6.1.Final 
2022-03-28 21:18:45 [main] INFO  o.h.a.c.Version                                    - HCANN000001: Hibernate Commons Annotations {5.1.2.Final} 
2022-03-28 21:18:45 [main] INFO  o.h.d.Dialect                                      - HHH000400: Using dialect: org.hibernate.dialect.MySQL55Dialect 
2022-03-28 21:18:46 [main] INFO  o.h.e.t.j.p.i.JtaPlatformInitiator                 - HHH000490: Using JtaPlatform implementation: [org.hibernate.engine.transaction.jta.platform.internal.NoJtaPlatform] 
2022-03-28 21:18:46 [main] INFO  o.s.o.j.LocalContainerEntityManagerFactoryBean     - Initialized JPA EntityManagerFactory for persistence unit 'default' 
2022-03-28 21:18:46 [main] WARN  o.s.b.a.o.j.JpaBaseConfiguration$JpaWebConfiguration - spring.jpa.open-in-view is enabled by default. Therefore, database queries may be performed during view rendering. Explicitly configure spring.jpa.open-in-view to disable this warning 
2022-03-28 21:18:47 [main] INFO  o.s.s.w.DefaultSecurityFilterChain                 - Will secure any request with [org.springframework.security.web.context.request.async.WebAsyncManagerIntegrationFilter@511f5b1d, org.springframework.security.web.context.SecurityContextPersistenceFilter@6cfbbff7, org.springframework.security.web.header.HeaderWriterFilter@e829999, org.springframework.web.filter.CorsFilter@31f295b6, org.springframework.security.web.authentication.logout.LogoutFilter@70a898b0, org.springframework.security.web.authentication.www.BasicAuthenticationFilter@ca8ef3a, org.springframework.security.web.savedrequest.RequestCacheAwareFilter@45b32dfe, org.springframework.security.web.servletapi.SecurityContextHolderAwareRequestFilter@484149eb, org.springframework.security.web.authentication.AnonymousAuthenticationFilter@7a687d8d, org.springframework.security.web.session.SessionManagementFilter@56846330, org.springframework.security.web.access.ExceptionTranslationFilter@7e7e962d, org.springframework.security.web.access.intercept.FilterSecurityInterceptor@474179fa] 
2022-03-28 21:18:48 [main] INFO  o.a.c.h.Http11NioProtocol                          - Starting ProtocolHandler ["http-nio-8080"] 
2022-03-28 21:18:48 [main] WARN  o.s.b.w.s.c.AnnotationConfigServletWebServerApplicationContext - Exception encountered during context initialization - cancelling refresh attempt: org.springframework.context.ApplicationContextException: Failed to start bean 'webServerStartStop'; nested exception is org.springframework.boot.web.server.PortInUseException: Port 8080 is already in use 
2022-03-28 21:18:48 [main] INFO  o.s.o.j.LocalContainerEntityManagerFactoryBean     - Closing JPA EntityManagerFactory for persistence unit 'default' 
2022-03-28 21:18:48 [main] INFO  c.z.h.HikariDataSource                             - HikariPool-1 - Shutdown initiated... 
2022-03-28 21:18:48 [main] INFO  c.z.h.HikariDataSource                             - HikariPool-1 - Shutdown completed. 
2022-03-28 21:18:48 [main] INFO  o.a.c.h.Http11NioProtocol                          - Pausing ProtocolHandler ["http-nio-8080"] 
2022-03-28 21:18:48 [main] INFO  o.a.c.c.StandardService                            - Stopping service [Tomcat] 
2022-03-28 21:18:48 [main] INFO  o.a.c.h.Http11NioProtocol                          - Stopping ProtocolHandler ["http-nio-8080"] 
2022-03-28 21:18:48 [main] INFO  o.a.c.h.Http11NioProtocol                          - Destroying ProtocolHandler ["http-nio-8080"] 
2022-03-28 21:18:48 [main] INFO  o.s.b.a.l.ConditionEvaluationReportLoggingListener - 

Error starting ApplicationContext. To display the conditions report re-run your application with 'debug' enabled. 
2022-03-28 21:18:48 [main] ERROR o.s.b.d.LoggingFailureAnalysisReporter             - 

***************************
APPLICATION FAILED TO START
***************************

Description:

Web server failed to start. Port 8080 was already in use.

Action:

Identify and stop the process that's listening on port 8080 or configure this application to listen on another port.
 
